PC = 0x0000000000010000
IF = 0x0000c197
Registers:
Reg  0: 0000000000000000	Reg  1: 0000000000000000	Reg  2: 000000001ffff000	Reg  3: 000000000001c000
Reg  4: 0000000000000000	Reg  5: 0000000000000000	Reg  6: 0000000000000000	Reg  7: 0000000000000000
Reg  8: 0000000000000000	Reg  9: 0000000000000000	Reg 10: 0000000000000000	Reg 11: 0000000000000000
Reg 12: 0000000000000000	Reg 13: 0000000000000000	Reg 14: 0000000000000000	Reg 15: 0000000000000000
Reg 16: 0000000000000000	Reg 17: 0000000000000000	Reg 18: 0000000000000000	Reg 19: 0000000000000000
Reg 20: 0000000000000000	Reg 21: 0000000000000000	Reg 22: 0000000000000000	Reg 23: 0000000000000000
Reg 24: 0000000000000000	Reg 25: 0000000000000000	Reg 26: 0000000000000000	Reg 27: 0000000000000000
Reg 28: 0000000000000000	Reg 29: 0000000000000000	Reg 30: 0000000000000000	Reg 31: 0000000000000000
Running until 0000000000000000
PC = 0x0000000000010004
IF = 0xb4018193
PC = 0x0000000000010008
IF = 0x0000b297
PC = 0x000000000001000c
IF = 0x3d028293
PC = 0x0000000000010010
IF = 0x0000b317
PC = 0x0000000000010014
IF = 0x46830313
PC = 0x0000000000010018
IF = 0x0002b023
PC = 0x000000000001001c
IF = 0x00828293
PC = 0x0000000000010020
IF = 0xfe62ece3
PC = 0x0000000000010018
IF = 0x0002b023
PC = 0x000000000001001c
IF = 0x00828293
PC = 0x0000000000010020
IF = 0xfe62ece3
PC = 0x0000000000010018
IF = 0x0002b023
PC = 0x000000000001001c
IF = 0x00828293
PC = 0x0000000000010020
IF = 0xfe62ece3
PC = 0x0000000000010018
IF = 0x0002b023
PC = 0x000000000001001c
IF = 0x00828293
PC = 0x0000000000010020
IF = 0xfe62ece3
PC = 0x0000000000010018
IF = 0x0002b023
PC = 0x000000000001001c
IF = 0x00828293
PC = 0x0000000000010020
IF = 0xfe62ece3
PC = 0x0000000000010018
IF = 0x0002b023
PC = 0x000000000001001c
IF = 0x00828293
PC = 0x0000000000010020
IF = 0xfe62ece3
PC = 0x0000000000010018
IF = 0x0002b023
PC = 0x000000000001001c
IF = 0x00828293
PC = 0x0000000000010020
IF = 0xfe62ece3
PC = 0x0000000000010018
IF = 0x0002b023
PC = 0x000000000001001c
IF = 0x00828293
PC = 0x0000000000010020
IF = 0xfe62ece3
PC = 0x0000000000010018
IF = 0x0002b023
PC = 0x000000000001001c
IF = 0x00828293
PC = 0x0000000000010020
IF = 0xfe62ece3
PC = 0x0000000000010018
IF = 0x0002b023
PC = 0x000000000001001c
IF = 0x00828293
PC = 0x0000000000010020
IF = 0xfe62ece3
PC = 0x0000000000010018
IF = 0x0002b023
PC = 0x000000000001001c
IF = 0x00828293
PC = 0x0000000000010020
IF = 0xfe62ece3
PC = 0x0000000000010018
IF = 0x0002b023
PC = 0x000000000001001c
IF = 0x00828293
PC = 0x0000000000010020
IF = 0xfe62ece3
PC = 0x0000000000010018
IF = 0x0002b023
PC = 0x000000000001001c
IF = 0x00828293
PC = 0x0000000000010020
IF = 0xfe62ece3
PC = 0x0000000000010018
IF = 0x0002b023
PC = 0x000000000001001c
IF = 0x00828293
PC = 0x0000000000010020
IF = 0xfe62ece3
PC = 0x0000000000010018
IF = 0x0002b023
PC = 0x000000000001001c
IF = 0x00828293
PC = 0x0000000000010020
IF = 0xfe62ece3
PC = 0x0000000000010018
IF = 0x0002b023
PC = 0x000000000001001c
IF = 0x00828293
PC = 0x0000000000010020
IF = 0xfe62ece3
PC = 0x0000000000010018
IF = 0x0002b023
PC = 0x000000000001001c
IF = 0x00828293
PC = 0x0000000000010020
IF = 0xfe62ece3
PC = 0x0000000000010018
IF = 0x0002b023
PC = 0x000000000001001c
IF = 0x00828293
PC = 0x0000000000010020
IF = 0xfe62ece3
PC = 0x0000000000010018
IF = 0x0002b023
PC = 0x000000000001001c
IF = 0x00828293
PC = 0x0000000000010020
IF = 0xfe62ece3
PC = 0x0000000000010018
IF = 0x0002b023
PC = 0x000000000001001c
IF = 0x00828293
PC = 0x0000000000010020
IF = 0xfe62ece3
PC = 0x0000000000010024
IF = 0x00000517
PC = 0x0000000000010028
IF = 0x21450513
PC = 0x000000000001002c
IF = 0x1c8000ef
PC = 0x00000000000101f4
IF = 0x00050593
PC = 0x00000000000101f8
IF = 0x00000693
PC = 0x00000000000101fc
IF = 0x00000613
PC = 0x0000000000010200
IF = 0x00000513
PC = 0x0000000000010204
IF = 0x0840206f
PC = 0x0000000000012288
IF = 0xfd010113
PC = 0x000000000001228c
IF = 0x02813023
PC = 0x0000000000012290
IF = 0x8081b403
PC = 0x0000000000012294
IF = 0x00913c23
PC = 0x0000000000012298
IF = 0x00050493
PC = 0x000000000001229c
IF = 0x1f843503
PC = 0x00000000000122a0
IF = 0x01213823
PC = 0x00000000000122a4
IF = 0x01313423
PC = 0x00000000000122a8
IF = 0x01413023
PC = 0x00000000000122ac
IF = 0x02113423
PC = 0x00000000000122b0
IF = 0x00058913
PC = 0x00000000000122b4
IF = 0x00060a13
PC = 0x00000000000122b8
IF = 0x00068993
PC = 0x00000000000122bc
IF = 0x0c050663
PC = 0x0000000000012388
IF = 0x20040513
PC = 0x000000000001238c
IF = 0x1ea43c23
PC = 0x0000000000012390
IF = 0xf31ff06f
PC = 0x00000000000122c0
IF = 0x00852703
PC = 0x00000000000122c4
IF = 0x01f00793
PC = 0x00000000000122c8
IF = 0x0017059b
PC = 0x00000000000122cc
IF = 0x04e7d063
PC = 0x000000000001230c
IF = 0x00070793
PC = 0x0000000000012310
IF = 0x02049e63
PC = 0x0000000000012314
IF = 0x00278793
PC = 0x0000000000012318
IF = 0x00379793
PC = 0x000000000001231c
IF = 0x00b52423
PC = 0x0000000000012320
IF = 0x00f50533
PC = 0x0000000000012324
IF = 0x01253023
PC = 0x0000000000012328
IF = 0x00000513
PC = 0x000000000001232c
IF = 0x02813083
PC = 0x0000000000012330
IF = 0x02013403
PC = 0x0000000000012334
IF = 0x01813483
PC = 0x0000000000012338
IF = 0x01013903
PC = 0x000000000001233c
IF = 0x00813983
PC = 0x0000000000012340
IF = 0x00013a03
PC = 0x0000000000012344
IF = 0x03010113
PC = 0x0000000000012348
IF = 0x00008067
PC = 0x0000000000010030
IF = 0x264000ef
PC = 0x0000000000010294
IF = 0xfe010113
PC = 0x0000000000010298
IF = 0x00813823
PC = 0x000000000001029c
IF = 0x000197b7
PC = 0x00000000000102a0
IF = 0x00019437
PC = 0x00000000000102a4
IF = 0x01213023
PC = 0x00000000000102a8
IF = 0x2f878793
PC = 0x00000000000102ac
IF = 0x2f840913
PC = 0x00000000000102b0
IF = 0x41278933
PC = 0x00000000000102b4
IF = 0x00913423
PC = 0x00000000000102b8
IF = 0x00113c23
PC = 0x00000000000102bc
IF = 0x40395913
PC = 0x00000000000102c0
IF = 0x2f840413
PC = 0x00000000000102c4
IF = 0x00000493
PC = 0x00000000000102c8
IF = 0x00090c63
PC = 0x00000000000102e0
IF = 0xd69ff0ef
PC = 0x0000000000010048
IF = 0x00008067
PC = 0x00000000000102e4
IF = 0x00019437
PC = 0x00000000000102e8
IF = 0x000197b7
PC = 0x00000000000102ec
IF = 0x2f840913
PC = 0x00000000000102f0
IF = 0x30078793
PC = 0x00000000000102f4
IF = 0x41278933
PC = 0x00000000000102f8
IF = 0x40395913
PC = 0x00000000000102fc
IF = 0x2f840413
PC = 0x0000000000010300
IF = 0x00000493
PC = 0x0000000000010304
IF = 0x00090c63
PC = 0x0000000000010308
IF = 0x00043783
PC = 0x000000000001030c
IF = 0x00148493
PC = 0x0000000000010310
IF = 0x00840413
PC = 0x0000000000010314
IF = 0x000780e7
PC = 0x000000000001010c
IF = 0xff010113
PC = 0x0000000000010110
IF = 0x000007b7
PC = 0x0000000000010114
IF = 0x00113423
PC = 0x0000000000010118
IF = 0x00078793
PC = 0x000000000001011c
IF = 0x00078c63
PC = 0x0000000000010134
IF = 0x0001a7b7
PC = 0x0000000000010138
IF = 0x33078513
PC = 0x000000000001013c
IF = 0x00053783
PC = 0x0000000000010140
IF = 0x00079863
PC = 0x0000000000010144
IF = 0x00813083
PC = 0x0000000000010148
IF = 0x01010113
PC = 0x000000000001014c
IF = 0xf35ff06f
PC = 0x0000000000010080
IF = 0x0001b537
PC = 0x0000000000010084
IF = 0x0001b7b7
PC = 0x0000000000010088
IF = 0x33850593
PC = 0x000000000001008c
IF = 0x33878793
PC = 0x0000000000010090
IF = 0x40b787b3
PC = 0x0000000000010094
IF = 0x4037d793
PC = 0x0000000000010098
IF = 0x03f7d593
PC = 0x000000000001009c
IF = 0x00f585b3
PC = 0x00000000000100a0
IF = 0x4015d593
PC = 0x00000000000100a4
IF = 0x00058c63
PC = 0x00000000000100bc
IF = 0x00008067
PC = 0x0000000000010318
IF = 0xfe9918e3
PC = 0x000000000001031c
IF = 0x01813083
PC = 0x0000000000010320
IF = 0x01013403
PC = 0x0000000000010324
IF = 0x00813483
PC = 0x0000000000010328
IF = 0x00013903
PC = 0x000000000001032c
IF = 0x02010113
PC = 0x0000000000010330
IF = 0x00008067
PC = 0x0000000000010034
IF = 0x00012503
PC = 0x0000000000010038
IF = 0x00810593
PC = 0x000000000001003c
IF = 0x00000613
PC = 0x0000000000010040
IF = 0x124000ef
PC = 0x0000000000010164
IF = 0xfe010113
PC = 0x0000000000010168
IF = 0x00113c23
PC = 0x000000000001016c
IF = 0x00813823
PC = 0x0000000000010170
IF = 0x02010413
PC = 0x0000000000010174
IF = 0x000197b7
PC = 0x0000000000010178
IF = 0xe247a787
PC = 0x000000000001017c
IF = 0xfef42627
PC = 0x0000000000010180
IF = 0x000197b7
PC = 0x0000000000010184
IF = 0xe287a787
PC = 0x0000000000010188
IF = 0xfef42427
PC = 0x000000000001018c
IF = 0xfec42787
PC = 0x0000000000010190
IF = 0x420787d3
PC = 0x0000000000010194
IF = 0xe20785d3
PC = 0x0000000000010198
IF = 0x000197b7
PC = 0x000000000001019c
IF = 0xe0878513
PC = 0x00000000000101a0
IF = 0x1d8000ef
PC = 0x0000000000010378
IF = 0x8101b303
PC = 0x000000000001037c
IF = 0xfa010113
PC = 0x0000000000010380
IF = 0x02c13823
PC = 0x0000000000010384
IF = 0x02d13c23
PC = 0x0000000000010388
IF = 0x04f13423
PC = 0x000000000001038c
IF = 0x02b13423
PC = 0x0000000000010390
IF = 0x04e13023
PC = 0x0000000000010394
IF = 0x05013823
PC = 0x0000000000010398
IF = 0x05113c23
PC = 0x000000000001039c
IF = 0x01033583
PC = 0x00000000000103a0
IF = 0x02810793
PC = 0x00000000000103a4
IF = 0x00050613
PC = 0x00000000000103a8
IF = 0x00078693
PC = 0x00000000000103ac
IF = 0x00030513
PC = 0x00000000000103b0
IF = 0x00113c23
PC = 0x00000000000103b4
IF = 0x00f13423
PC = 0x00000000000103b8
IF = 0x010000ef
PC = 0x00000000000103c8
IF = 0xe1010113
PC = 0x00000000000103cc
IF = 0x1e113423
PC = 0x00000000000103d0
IF = 0x1d313423
PC = 0x00000000000103d4
IF = 0x1d413023
PC = 0x00000000000103d8
IF = 0x1b713423
PC = 0x00000000000103dc
IF = 0x00058a13
PC = 0x00000000000103e0
IF = 0x00060993
PC = 0x00000000000103e4
IF = 0x02d13423
PC = 0x00000000000103e8
IF = 0x1e813023
PC = 0x00000000000103ec
IF = 0x1c913c23
PC = 0x00000000000103f0
IF = 0x1d213823
PC = 0x00000000000103f4
IF = 0x1b513c23
PC = 0x00000000000103f8
IF = 0x1b613823
PC = 0x00000000000103fc
IF = 0x1b813023
PC = 0x0000000000010400
IF = 0x19913c23
PC = 0x0000000000010404
IF = 0x19a13823
PC = 0x0000000000010408
IF = 0x19b13423
PC = 0x000000000001040c
IF = 0x16813c27
PC = 0x0000000000010410
IF = 0x00050b93
PC = 0x0000000000010414
IF = 0x094040ef
PC = 0x00000000000144a8
IF = 0x0001b537
PC = 0x00000000000144ac
IF = 0xac850513
PC = 0x00000000000144b0
IF = 0x00008067
PC = 0x0000000000010418
IF = 0x00053783
PC = 0x000000000001041c
IF = 0x00078513
PC = 0x0000000000010420
IF = 0x06f13023
PC = 0x0000000000010424
IF = 0x00c060ef
PC = 0x0000000000016430
IF = 0x00757793
PC = 0x0000000000016434
IF = 0x00050593
PC = 0x0000000000016438
IF = 0x06079a63
PC = 0x000000000001643c
IF = 0x0001b7b7
PC = 0x0000000000016440
IF = 0x3d07b683
PC = 0x0000000000016444
IF = 0xfff00613
PC = 0x0000000000016448
IF = 0x00850513
PC = 0x000000000001644c
IF = 0xff853783
PC = 0x0000000000016450
IF = 0x00d7f733
PC = 0x0000000000016454
IF = 0x00d70733
PC = 0x0000000000016458
IF = 0x00d7e7b3
PC = 0x000000000001645c
IF = 0x00f767b3
PC = 0x0000000000016460
IF = 0xfec784e3
PC = 0x0000000000016464
IF = 0xff854783
PC = 0x0000000000016468
IF = 0x40b505b3
PC = 0x000000000001646c
IF = 0x06078263
PC = 0x0000000000016470
IF = 0xff954783
PC = 0x0000000000016474
IF = 0x04078a63
PC = 0x00000000000164c8
IF = 0xff958513
PC = 0x00000000000164cc
IF = 0x00008067
PC = 0x0000000000010428
IF = 0x06a13423
PC = 0x000000000001042c
IF = 0x000b8663
PC = 0x0000000000010430
IF = 0x050ba783
PC = 0x0000000000010434
IF = 0x2e078c63
PC = 0x000000000001072c
IF = 0x000b8513
PC = 0x0000000000010730
IF = 0x700030ef
PC = 0x0000000000013e30
IF = 0x05052783
PC = 0x0000000000013e34
IF = 0x00078463
PC = 0x0000000000013e3c
IF = 0xcd9ff06f
PC = 0x0000000000013b14
IF = 0xfc010113
PC = 0x0000000000013b18
IF = 0x000147b7
PC = 0x0000000000013b1c
IF = 0x02113c23
PC = 0x0000000000013b20
IF = 0x02813823
PC = 0x0000000000013b24
IF = 0x02913423
PC = 0x0000000000013b28
IF = 0x00853403
PC = 0x0000000000013b2c
IF = 0x03213023
PC = 0x0000000000013b30
IF = 0x01313c23
PC = 0x0000000000013b34
IF = 0x01413823
PC = 0x0000000000013b38
IF = 0x01513423
PC = 0x0000000000013b3c
IF = 0x01613023
PC = 0x0000000000013b40
IF = 0xb0878793
PC = 0x0000000000013b44
IF = 0x04f53c23
PC = 0x0000000000013b48
IF = 0x53850713
PC = 0x0000000000013b4c
IF = 0x00300793
PC = 0x0000000000013b50
IF = 0x52e53823
PC = 0x0000000000013b54
IF = 0x52f52423
PC = 0x0000000000013b58
IF = 0x52053023
PC = 0x0000000000013b5c
IF = 0x00400793
PC = 0x0000000000013b60
IF = 0x00050913
PC = 0x0000000000013b64
IF = 0x00f41823
PC = 0x0000000000013b68
IF = 0x00800613
PC = 0x0000000000013b6c
IF = 0x00000593
PC = 0x0000000000013b70
IF = 0x00043023
PC = 0x0000000000013b74
IF = 0x00042423
PC = 0x0000000000013b78
IF = 0x00042623
PC = 0x0000000000013b7c
IF = 0x0a042623
PC = 0x0000000000013b80
IF = 0x00041923
PC = 0x0000000000013b84
IF = 0x00043c23
PC = 0x0000000000013b88
IF = 0x02042023
PC = 0x0000000000013b8c
IF = 0x02042423
PC = 0x0000000000013b90
IF = 0x0a440513
PC = 0x0000000000013b94
IF = 0x460010ef
PC = 0x0000000000014ff4
IF = 0x00f00813
PC = 0x0000000000014ff8
IF = 0x00050713
PC = 0x0000000000014ffc
IF = 0x02c87a63
PC = 0x0000000000015030
IF = 0x40c806b3
PC = 0x0000000000015034
IF = 0x00269693
PC = 0x0000000000015038
IF = 0x00000297
PC = 0x000000000001503c
IF = 0x005686b3
PC = 0x0000000000015040
IF = 0x00c68067
PC = 0x0000000000015060
IF = 0x00b703a3
PC = 0x0000000000015064
IF = 0x00b70323
PC = 0x0000000000015068
IF = 0x00b702a3
PC = 0x000000000001506c
IF = 0x00b70223
PC = 0x0000000000015070
IF = 0x00b701a3
PC = 0x0000000000015074
IF = 0x00b70123
PC = 0x0000000000015078
IF = 0x00b700a3
PC = 0x000000000001507c
IF = 0x00b70023
PC = 0x0000000000015080
IF = 0x00008067
PC = 0x0000000000013b98
IF = 0x00016b37
PC = 0x0000000000013b9c
IF = 0x01093483
PC = 0x0000000000013ba0
IF = 0x00016ab7
PC = 0x0000000000013ba4
IF = 0x00016a37
PC = 0x0000000000013ba8
IF = 0x000169b7
PC = 0x0000000000013bac
IF = 0x1b4b0b13
PC = 0x0000000000013bb0
IF = 0x220a8a93
PC = 0x0000000000013bb4
IF = 0x290a0a13
PC = 0x0000000000013bb8
IF = 0x2fc98993
PC = 0x0000000000013bbc
IF = 0x03643c23
PC = 0x0000000000013bc0
IF = 0x05543023
PC = 0x0000000000013bc4
IF = 0x05443423
PC = 0x0000000000013bc8
IF = 0x05343823
PC = 0x0000000000013bcc
IF = 0x02843823
PC = 0x0000000000013bd0
IF = 0x00900793
PC = 0x0000000000013bd4
IF = 0x00f49823
PC = 0x0000000000013bd8
IF = 0x00100793
PC = 0x0000000000013bdc
IF = 0x00f49923
PC = 0x0000000000013be0
IF = 0x00800613
PC = 0x0000000000013be4
IF = 0x00000593
PC = 0x0000000000013be8
IF = 0x0004b023
PC = 0x0000000000013bec
IF = 0x0004a423
PC = 0x0000000000013bf0
IF = 0x0004a623
PC = 0x0000000000013bf4
IF = 0x0a04a623
PC = 0x0000000000013bf8
IF = 0x0004bc23
PC = 0x0000000000013bfc
IF = 0x0204a023
PC = 0x0000000000013c00
IF = 0x0204a423
PC = 0x0000000000013c04
IF = 0x0a448513
PC = 0x0000000000013c08
IF = 0x3ec010ef
PC = 0x0000000000014ff4
IF = 0x00f00813
PC = 0x0000000000014ff8
IF = 0x00050713
PC = 0x0000000000014ffc
IF = 0x02c87a63
PC = 0x0000000000015030
IF = 0x40c806b3
PC = 0x0000000000015034
IF = 0x00269693
PC = 0x0000000000015038
IF = 0x00000297
PC = 0x000000000001503c
IF = 0x005686b3
PC = 0x0000000000015040
IF = 0x00c68067
PC = 0x0000000000015060
IF = 0x00b703a3
PC = 0x0000000000015064
IF = 0x00b70323
PC = 0x0000000000015068
IF = 0x00b702a3
PC = 0x000000000001506c
IF = 0x00b70223
PC = 0x0000000000015070
IF = 0x00b701a3
PC = 0x0000000000015074
IF = 0x00b70123
PC = 0x0000000000015078
IF = 0x00b700a3
PC = 0x000000000001507c
IF = 0x00b70023
PC = 0x0000000000015080
IF = 0x00008067
PC = 0x0000000000013c0c
IF = 0x01893403
PC = 0x0000000000013c10
IF = 0x01200793
PC = 0x0000000000013c14
IF = 0x0364bc23
PC = 0x0000000000013c18
IF = 0x0554b023
PC = 0x0000000000013c1c
IF = 0x0544b423
PC = 0x0000000000013c20
IF = 0x0534b823
PC = 0x0000000000013c24
IF = 0x0294b823
PC = 0x0000000000013c28
IF = 0x00f41823
PC = 0x0000000000013c2c
IF = 0x00200793
PC = 0x0000000000013c30
IF = 0x00f41923
PC = 0x0000000000013c34
IF = 0x00043023
PC = 0x0000000000013c38
IF = 0x00042423
PC = 0x0000000000013c3c
IF = 0x00042623
PC = 0x0000000000013c40
IF = 0x0a042623
PC = 0x0000000000013c44
IF = 0x00043c23
PC = 0x0000000000013c48
IF = 0x02042023
PC = 0x0000000000013c4c
IF = 0x02042423
PC = 0x0000000000013c50
IF = 0x0a440513
PC = 0x0000000000013c54
IF = 0x00800613
PC = 0x0000000000013c58
IF = 0x00000593
PC = 0x0000000000013c5c
IF = 0x398010ef
PC = 0x0000000000014ff4
IF = 0x00f00813
PC = 0x0000000000014ff8
IF = 0x00050713
PC = 0x0000000000014ffc
IF = 0x02c87a63
PC = 0x0000000000015030
IF = 0x40c806b3
PC = 0x0000000000015034
IF = 0x00269693
PC = 0x0000000000015038
IF = 0x00000297
PC = 0x000000000001503c
IF = 0x005686b3
PC = 0x0000000000015040
IF = 0x00c68067
PC = 0x0000000000015060
IF = 0x00b703a3
PC = 0x0000000000015064
IF = 0x00b70323
PC = 0x0000000000015068
IF = 0x00b702a3
PC = 0x000000000001506c
IF = 0x00b70223
PC = 0x0000000000015070
IF = 0x00b701a3
PC = 0x0000000000015074
IF = 0x00b70123
PC = 0x0000000000015078
IF = 0x00b700a3
PC = 0x000000000001507c
IF = 0x00b70023
PC = 0x0000000000015080
IF = 0x00008067
PC = 0x0000000000013c60
IF = 0x03813083
PC = 0x0000000000013c64
IF = 0x03643c23
PC = 0x0000000000013c68
IF = 0x05543023
PC = 0x0000000000013c6c
IF = 0x05443423
PC = 0x0000000000013c70
IF = 0x05343823
PC = 0x0000000000013c74
IF = 0x02843823
PC = 0x0000000000013c78
IF = 0x00100793
PC = 0x0000000000013c7c
IF = 0x04f92823
PC = 0x0000000000013c80
IF = 0x03013403
PC = 0x0000000000013c84
IF = 0x02813483
PC = 0x0000000000013c88
IF = 0x02013903
PC = 0x0000000000013c8c
IF = 0x01813983
PC = 0x0000000000013c90
IF = 0x01013a03
PC = 0x0000000000013c94
IF = 0x00813a83
PC = 0x0000000000013c98
IF = 0x00013b03
PC = 0x0000000000013c9c
IF = 0x04010113
PC = 0x0000000000013ca0
IF = 0x00008067
PC = 0x0000000000010734
IF = 0xd05ff06f
PC = 0x0000000000010438
IF = 0x010a1683
PC = 0x000000000001043c
IF = 0x03069793
PC = 0x0000000000010440
IF = 0x0307d793
PC = 0x0000000000010444
IF = 0x03279713
PC = 0x0000000000010448
IF = 0x02074a63
PC = 0x000000000001044c
IF = 0x000027b7
PC = 0x0000000000010450
IF = 0x0aca2603
PC = 0x0000000000010454
IF = 0x00f6e7b3
PC = 0x0000000000010458
IF = 0x0107979b
PC = 0x000000000001045c
IF = 0xffffe737
PC = 0x0000000000010460
IF = 0x4107d79b
PC = 0x0000000000010464
IF = 0xfff7071b
PC = 0x0000000000010468
IF = 0x00e67733
PC = 0x000000000001046c
IF = 0x00fa1823
PC = 0x0000000000010470
IF = 0x03079793
PC = 0x0000000000010474
IF = 0x0aea2623
PC = 0x0000000000010478
IF = 0x0307d793
PC = 0x000000000001047c
IF = 0x0087f713
PC = 0x0000000000010480
IF = 0x1e070063
PC = 0x0000000000010484
IF = 0x018a3703
PC = 0x0000000000010488
IF = 0x1c070c63
PC = 0x0000000000010660
IF = 0x000a0593
PC = 0x0000000000010664
IF = 0x000b8513
PC = 0x0000000000010668
IF = 0x2bd010ef
PC = 0x0000000000012124
IF = 0x8101b783
PC = 0x0000000000012128
IF = 0xfe010113
PC = 0x000000000001212c
IF = 0x00813823
PC = 0x0000000000012130
IF = 0x00913423
PC = 0x0000000000012134
IF = 0x00113c23
PC = 0x0000000000012138
IF = 0x00050493
PC = 0x000000000001213c
IF = 0x00058413
PC = 0x0000000000012140
IF = 0x00078663
PC = 0x0000000000012144
IF = 0x0507a703
PC = 0x0000000000012148
IF = 0x0e070063
PC = 0x000000000001214c
IF = 0x01041703
PC = 0x0000000000012150
IF = 0x03071793
PC = 0x0000000000012154
IF = 0x0307d793
PC = 0x0000000000012158
IF = 0x0087f693
PC = 0x000000000001215c
IF = 0x04068263
PC = 0x0000000000012160
IF = 0x01843683
PC = 0x0000000000012164
IF = 0x06068663
PC = 0x00000000000121d0
IF = 0x2807f713
PC = 0x00000000000121d4
IF = 0x20000613
PC = 0x00000000000121d8
IF = 0xf8c708e3
PC = 0x00000000000121dc
IF = 0x00040593
PC = 0x00000000000121e0
IF = 0x00048513
PC = 0x00000000000121e4
IF = 0x2ec020ef
PC = 0x00000000000144d0
IF = 0x01059783
PC = 0x00000000000144d4
IF = 0xf5010113
PC = 0x00000000000144d8
IF = 0x08913c23
PC = 0x00000000000144dc
IF = 0x03079493
PC = 0x00000000000144e0
IF = 0x0304d493
PC = 0x00000000000144e4
IF = 0x0a113423
PC = 0x00000000000144e8
IF = 0x0a813023
PC = 0x00000000000144ec
IF = 0x09213823
PC = 0x00000000000144f0
IF = 0x09313423
PC = 0x00000000000144f4
IF = 0x0024f713
PC = 0x00000000000144f8
IF = 0x0e071063
PC = 0x00000000000144fc
IF = 0x00050913
PC = 0x0000000000014500
IF = 0x01259503
PC = 0x0000000000014504
IF = 0x00058413
PC = 0x0000000000014508
IF = 0x04054c63
PC = 0x000000000001450c
IF = 0x00010593
PC = 0x0000000000014510
IF = 0x5b4040ef
PC = 0x0000000000018ac4
IF = 0x00000613
PC = 0x0000000000018ac8
IF = 0x00000693
PC = 0x0000000000018acc
IF = 0x05000893
PC = 0x0000000000018ad0
IF = 0x00000073
SYSTEM CALL: 80
PC = 0x0000000000018ad4
IF = 0xf4054ce3
PC = 0x0000000000018ad8
IF = 0x0005051b
PC = 0x0000000000018adc
IF = 0x00008067
PC = 0x0000000000014514
IF = 0x04054063
PC = 0x0000000000014518
IF = 0x01012703
PC = 0x000000000001451c
IF = 0x0000f7b7
PC = 0x0000000000014520
IF = 0xffffe9b7
PC = 0x0000000000014524
IF = 0x00f777b3
PC = 0x0000000000014528
IF = 0x013789bb
PC = 0x000000000001452c
IF = 0x00008737
PC = 0x0000000000014530
IF = 0x0019b993
PC = 0x0000000000014534
IF = 0x0ce78a63
PC = 0x0000000000014538
IF = 0x01045703
PC = 0x000000000001453c
IF = 0x000017b7
PC = 0x0000000000014540
IF = 0x8007879b
PC = 0x0000000000014544
IF = 0x00f767b3
PC = 0x0000000000014548
IF = 0x00f41823
PC = 0x000000000001454c
IF = 0x40000493
PC = 0x0000000000014550
IF = 0x0340006f
PC = 0x0000000000014584
IF = 0x00048593
PC = 0x0000000000014588
IF = 0x00090513
PC = 0x000000000001458c
IF = 0x0f0000ef
PC = 0x000000000001467c
IF = 0xfa010113
PC = 0x0000000000014680
IF = 0x04913423
PC = 0x0000000000014684
IF = 0x03313c23
PC = 0x0000000000014688
IF = 0x04113c23
PC = 0x000000000001468c
IF = 0x04813823
PC = 0x0000000000014690
IF = 0x05213023
PC = 0x0000000000014694
IF = 0x03413823
PC = 0x0000000000014698
IF = 0x03513423
PC = 0x000000000001469c
IF = 0x03613023
PC = 0x00000000000146a0
IF = 0x01713c23
PC = 0x00000000000146a4
IF = 0x01813823
PC = 0x00000000000146a8
IF = 0x01913423
PC = 0x00000000000146ac
IF = 0x01758493
PC = 0x00000000000146b0
IF = 0x02e00793
PC = 0x00000000000146b4
IF = 0x00050993
PC = 0x00000000000146b8
IF = 0x1c97fa63
PC = 0x00000000000146bc
IF = 0x800007b7
PC = 0x00000000000146c0
IF = 0xff04f493
PC = 0x00000000000146c4
IF = 0xfff7c793
PC = 0x00000000000146c8
IF = 0x2497ee63
PC = 0x00000000000146cc
IF = 0x24b4ec63
PC = 0x00000000000146d0
IF = 0x201000ef
PC = 0x00000000000150d0
IF = 0x00008067
PC = 0x00000000000146d4
IF = 0x1f700793
PC = 0x00000000000146d8
IF = 0x7097f063
PC = 0x00000000000146dc
IF = 0x0094d793
PC = 0x00000000000146e0
IF = 0x08000693
PC = 0x00000000000146e4
IF = 0x04000513
PC = 0x00000000000146e8
IF = 0x03f00593
PC = 0x00000000000146ec
IF = 0x24079463
PC = 0x0000000000014934
IF = 0x00400713
PC = 0x0000000000014938
IF = 0x1ef76463
PC = 0x000000000001493c
IF = 0x0064d593
PC = 0x0000000000014940
IF = 0x0005859b
PC = 0x0000000000014944
IF = 0x0395851b
PC = 0x0000000000014948
IF = 0x0015169b
PC = 0x000000000001494c
IF = 0x0385859b
PC = 0x0000000000014950
IF = 0xda1ff06f
PC = 0x00000000000146f0
IF = 0x0001b937
PC = 0x00000000000146f4
IF = 0xb2890913
PC = 0x00000000000146f8
IF = 0x00369693
PC = 0x00000000000146fc
IF = 0x00d906b3
PC = 0x0000000000014700
IF = 0x0086b403
PC = 0x0000000000014704
IF = 0xff068693
PC = 0x0000000000014708
IF = 0x24868663
PC = 0x0000000000014954
IF = 0x00050693
PC = 0x0000000000014958
IF = 0xde9ff06f
PC = 0x0000000000014740
IF = 0x02093403
PC = 0x0000000000014744
IF = 0x01090813
PC = 0x0000000000014748
IF = 0x47040a63
PC = 0x0000000000014bbc
IF = 0x00893783
PC = 0x0000000000014bc0
IF = 0xbfdff06f
PC = 0x00000000000147bc
IF = 0x4026d61b
PC = 0x00000000000147c0
IF = 0x00100713
PC = 0x00000000000147c4
IF = 0x00c71633
PC = 0x00000000000147c8
IF = 0x1cc7e063
PC = 0x0000000000014988
IF = 0x01093403
PC = 0x000000000001498c
IF = 0x00843703
PC = 0x0000000000014990
IF = 0xffc77b93
PC = 0x0000000000014994
IF = 0x009be863
PC = 0x00000000000149a4
IF = 0x8b81b783
PC = 0x00000000000149a8
IF = 0x8201b683
PC = 0x00000000000149ac
IF = 0xfff00713
PC = 0x00000000000149b0
IF = 0x00f487b3
PC = 0x00000000000149b4
IF = 0x01740a33
PC = 0x00000000000149b8
IF = 0x02078b13
PC = 0x00000000000149bc
IF = 0x00e68c63
PC = 0x00000000000149d4
IF = 0x000b0513
PC = 0x00000000000149d8
IF = 0x3b8040ef
PC = 0x0000000000018d90
IF = 0x8c01b703
PC = 0x0000000000018d94
IF = 0x00050793
PC = 0x0000000000018d98
IF = 0x00071663
PC = 0x0000000000018d9c
IF = 0x93818713
PC = 0x0000000000018da0
IF = 0x8ce1b023
PC = 0x0000000000018da4
IF = 0x00e78533
PC = 0x0000000000018da8
IF = 0x00000593
PC = 0x0000000000018dac
IF = 0x00000613
PC = 0x0000000000018db0
IF = 0x00000693
PC = 0x0000000000018db4
IF = 0x0d600893
PC = 0x0000000000018db8
IF = 0x00000073
SYSTEM CALL: 214
PC = 0x0000000000018dbc
IF = 0xc60548e3
PC = 0x0000000000018dc0
IF = 0x8c01b683
PC = 0x0000000000018dc4
IF = 0xfff00713
PC = 0x0000000000018dc8
IF = 0x00d787b3
PC = 0x0000000000018dcc
IF = 0x00f51663
PC = 0x0000000000018dd0
IF = 0x8ca1b023
PC = 0x0000000000018dd4
IF = 0x00068713
PC = 0x0000000000018dd8
IF = 0x00070513
PC = 0x0000000000018ddc
IF = 0x00008067
PC = 0x00000000000149dc
IF = 0xfff00793
PC = 0x00000000000149e0
IF = 0x00050a93
PC = 0x00000000000149e4
IF = 0x26f50263
PC = 0x00000000000149e8
IF = 0x25456e63
PC = 0x00000000000149ec
IF = 0x90018c13
PC = 0x00000000000149f0
IF = 0x000c2783
PC = 0x00000000000149f4
IF = 0x00fb07bb
PC = 0x00000000000149f8
IF = 0x00fc2023
PC = 0x00000000000149fc
IF = 0x355a0463
PC = 0x0000000000014a00
IF = 0x8201b683
PC = 0x0000000000014a04
IF = 0xfff00713
PC = 0x0000000000014a08
IF = 0x36e68263
PC = 0x0000000000014d6c
IF = 0x8351b023
PC = 0x0000000000014d70
IF = 0xca9ff06f
PC = 0x0000000000014a18
IF = 0x00faf713
PC = 0x0000000000014a1c
IF = 0x000017b7
PC = 0x0000000000014a20
IF = 0x00070a63
PC = 0x0000000000014a24
IF = 0x40ea8ab3
PC = 0x0000000000014a28
IF = 0x01078a13
PC = 0x0000000000014a2c
IF = 0x010a8a93
PC = 0x0000000000014a30
IF = 0x40ea07b3
PC = 0x0000000000014a34
IF = 0x00001a37
PC = 0x0000000000014a38
IF = 0xfffa0a13
PC = 0x0000000000014a3c
IF = 0x016a8b33
PC = 0x0000000000014a40
IF = 0x014b7b33
PC = 0x0000000000014a44
IF = 0x41678a33
PC = 0x0000000000014a48
IF = 0x000a0513
PC = 0x0000000000014a4c
IF = 0x344040ef
PC = 0x0000000000018d90
IF = 0x8c01b703
PC = 0x0000000000018d94
IF = 0x00050793
PC = 0x0000000000018d98
IF = 0x00071663
PC = 0x0000000000018da4
IF = 0x00e78533
PC = 0x0000000000018da8
IF = 0x00000593
PC = 0x0000000000018dac
IF = 0x00000613
PC = 0x0000000000018db0
IF = 0x00000693
PC = 0x0000000000018db4
IF = 0x0d600893
PC = 0x0000000000018db8
IF = 0x00000073
SYSTEM CALL: 214
PC = 0x0000000000018dbc
IF = 0xc60548e3
PC = 0x0000000000018dc0
IF = 0x8c01b683
PC = 0x0000000000018dc4
IF = 0xfff00713
PC = 0x0000000000018dc8
IF = 0x00d787b3
PC = 0x0000000000018dcc
IF = 0x00f51663
PC = 0x0000000000018dd0
IF = 0x8ca1b023
PC = 0x0000000000018dd4
IF = 0x00068713
PC = 0x0000000000018dd8
IF = 0x00070513
PC = 0x0000000000018ddc
IF = 0x00008067
PC = 0x0000000000014a50
IF = 0xfff00793
PC = 0x0000000000014a54
IF = 0x30f50663
PC = 0x0000000000014a58
IF = 0x41550733
PC = 0x0000000000014a5c
IF = 0x01470733
PC = 0x0000000000014a60
IF = 0x00176713
PC = 0x0000000000014a64
IF = 0x000a0a1b
PC = 0x0000000000014a68
IF = 0x000c2783
PC = 0x0000000000014a6c
IF = 0x01593823
PC = 0x0000000000014a70
IF = 0x00eab423
PC = 0x0000000000014a74
IF = 0x00fa07bb
PC = 0x0000000000014a78
IF = 0x00fc2023
PC = 0x0000000000014a7c
IF = 0x03240c63
PC = 0x0000000000014ab4
IF = 0x8b01b683
PC = 0x0000000000014ab8
IF = 0x00f6f463
PC = 0x0000000000014abc
IF = 0x8af1b823
PC = 0x0000000000014ac0
IF = 0x8a81b683
PC = 0x0000000000014ac4
IF = 0x01093403
PC = 0x0000000000014ac8
IF = 0x00f6f463
PC = 0x0000000000014acc
IF = 0x8af1b423
PC = 0x0000000000014ad0
IF = 0x00843703
PC = 0x0000000000014ad4
IF = 0xffc77713
PC = 0x0000000000014ad8
IF = 0x409707b3
PC = 0x0000000000014adc
IF = 0x00976663
PC = 0x0000000000014ae0
IF = 0x01f00713
PC = 0x0000000000014ae4
IF = 0x00f74a63
PC = 0x0000000000014af8
IF = 0x0014e713
PC = 0x0000000000014afc
IF = 0x00e43423
PC = 0x0000000000014b00
IF = 0x009404b3
PC = 0x0000000000014b04
IF = 0x00993823
PC = 0x0000000000014b08
IF = 0x0017e793
PC = 0x0000000000014b0c
IF = 0x00098513
PC = 0x0000000000014b10
IF = 0x00f4b423
PC = 0x0000000000014b14
IF = 0x5c0000ef
PC = 0x00000000000150d4
IF = 0x00008067
PC = 0x0000000000014b18
IF = 0x01040513
PC = 0x0000000000014b1c
IF = 0xdd5ff06f
PC = 0x00000000000148f0
IF = 0x05813083
PC = 0x00000000000148f4
IF = 0x05013403
PC = 0x00000000000148f8
IF = 0x04813483
PC = 0x00000000000148fc
IF = 0x04013903
PC = 0x0000000000014900
IF = 0x03813983
PC = 0x0000000000014904
IF = 0x03013a03
PC = 0x0000000000014908
IF = 0x02813a83
PC = 0x000000000001490c
IF = 0x02013b03
PC = 0x0000000000014910
IF = 0x01813b83
PC = 0x0000000000014914
IF = 0x01013c03
PC = 0x0000000000014918
IF = 0x00813c83
PC = 0x000000000001491c
IF = 0x06010113
PC = 0x0000000000014920
IF = 0x00008067
PC = 0x0000000000014590
IF = 0x0c050063
PC = 0x0000000000014594
IF = 0x01045783
PC = 0x0000000000014598
IF = 0x00014737
PC = 0x000000000001459c
IF = 0xb0870713
PC = 0x00000000000145a0
IF = 0x04e93c23
PC = 0x00000000000145a4
IF = 0x0807e793
PC = 0x00000000000145a8
IF = 0x00f41823
PC = 0x00000000000145ac
IF = 0x00a43023
PC = 0x00000000000145b0
IF = 0x00a43c23
PC = 0x00000000000145b4
IF = 0x02942023
PC = 0x00000000000145b8
IF = 0x06099e63
PC = 0x00000000000145bc
IF = 0x0a813083
PC = 0x00000000000145c0
IF = 0x0a013403
PC = 0x00000000000145c4
IF = 0x09813483
PC = 0x00000000000145c8
IF = 0x09013903
PC = 0x00000000000145cc
IF = 0x08813983
PC = 0x00000000000145d0
IF = 0x0b010113
PC = 0x00000000000145d4
IF = 0x00008067
PC = 0x00000000000121e8
IF = 0x01045783
PC = 0x00000000000121ec
IF = 0x01843683
PC = 0x00000000000121f0
IF = 0xf79ff06f
PC = 0x0000000000012168
IF = 0x0017f713
PC = 0x000000000001216c
IF = 0x08071463
PC = 0x00000000000121f4
IF = 0x02042783
PC = 0x00000000000121f8
IF = 0x00042623
PC = 0x00000000000121fc
IF = 0x00000513
PC = 0x0000000000012200
IF = 0x40f007bb
PC = 0x0000000000012204
IF = 0x02f42423
PC = 0x0000000000012208
IF = 0xf80692e3
PC = 0x000000000001218c
IF = 0x01813083
PC = 0x0000000000012190
IF = 0x01013403
PC = 0x0000000000012194
IF = 0x00813483
PC = 0x0000000000012198
IF = 0x02010113
PC = 0x000000000001219c
IF = 0x00008067
PC = 0x000000000001066c
IF = 0x00050463
PC = 0x0000000000010674
IF = 0x010a5783
PC = 0x0000000000010678
IF = 0x00a00713
PC = 0x000000000001067c
IF = 0x01a7f793
PC = 0x0000000000010680
IF = 0xe0e79ce3
PC = 0x0000000000010498
IF = 0x000197b7
PC = 0x000000000001049c
IF = 0xe3078793
PC = 0x00000000000104a0
IF = 0x0f010b13
PC = 0x00000000000104a4
IF = 0x02f13823
PC = 0x00000000000104a8
IF = 0x0ef10793
PC = 0x00000000000104ac
IF = 0x00019ab7
PC = 0x00000000000104b0
IF = 0x000194b7
PC = 0x00000000000104b4
IF = 0x40fb07b3
PC = 0x00000000000104b8
IF = 0x04013c23
PC = 0x00000000000104bc
IF = 0x0b613823
PC = 0x00000000000104c0
IF = 0x0c013023
PC = 0x00000000000104c4
IF = 0x0a012c23
PC = 0x00000000000104c8
IF = 0x06012823
PC = 0x00000000000104cc
IF = 0x000b0893
PC = 0x00000000000104d0
IF = 0x02013c23
PC = 0x00000000000104d4
IF = 0x06012a23
PC = 0x00000000000104d8
IF = 0x00012e23
PC = 0x00000000000104dc
IF = 0xf98a8a93
PC = 0x00000000000104e0
IF = 0xfa848493
PC = 0x00000000000104e4
IF = 0x06f13c23
PC = 0x00000000000104e8
IF = 0x0009c783
PC = 0x00000000000104ec
IF = 0x0e0782e3
PC = 0x00000000000104f0
IF = 0x02500713
PC = 0x00000000000104f4
IF = 0x00098413
PC = 0x00000000000104f8
IF = 0x00e79663
PC = 0x0000000000010504
IF = 0x00140413
PC = 0x0000000000010508
IF = 0x00044783
PC = 0x000000000001050c
IF = 0xfe079ae3
PC = 0x0000000000010500
IF = 0x00e78863
PC = 0x0000000000010504
IF = 0x00140413
PC = 0x0000000000010508
IF = 0x00044783
PC = 0x000000000001050c
IF = 0xfe079ae3
PC = 0x0000000000010500
IF = 0x00e78863
PC = 0x0000000000010504
IF = 0x00140413
PC = 0x0000000000010508
IF = 0x00044783
PC = 0x000000000001050c
IF = 0xfe079ae3
PC = 0x0000000000010500
IF = 0x00e78863
PC = 0x0000000000010504
IF = 0x00140413
PC = 0x0000000000010508
IF = 0x00044783
PC = 0x000000000001050c
IF = 0xfe079ae3
PC = 0x0000000000010500
IF = 0x00e78863
PC = 0x0000000000010510
IF = 0x4134093b
PC = 0x0000000000010514
IF = 0x04090063
PC = 0x0000000000010518
IF = 0x0c013703
PC = 0x000000000001051c
IF = 0x0b812783
PC = 0x0000000000010520
IF = 0x00090693
PC = 0x0000000000010524
IF = 0x00d70733
PC = 0x0000000000010528
IF = 0x0017879b
PC = 0x000000000001052c
IF = 0x0138b023
PC = 0x0000000000010530
IF = 0x00d8b423
PC = 0x0000000000010534
IF = 0x0ce13023
PC = 0x0000000000010538
IF = 0x0af12c23
PC = 0x000000000001053c
IF = 0x00700713
PC = 0x0000000000010540
IF = 0x01088893
PC = 0x0000000000010544
IF = 0x16f74063
PC = 0x0000000000010548
IF = 0x01c12783
PC = 0x000000000001054c
IF = 0x012787bb
PC = 0x0000000000010550
IF = 0x00f12e23
PC = 0x0000000000010554
IF = 0x00044783
PC = 0x0000000000010558
IF = 0x16078463
PC = 0x000000000001055c
IF = 0x00140993
PC = 0x0000000000010560
IF = 0x080107a3
PC = 0x0000000000010564
IF = 0x00000613
PC = 0x0000000000010568
IF = 0x00000593
PC = 0x000000000001056c
IF = 0xfff00413
PC = 0x0000000000010570
IF = 0x00012c23
PC = 0x0000000000010574
IF = 0x00000c13
PC = 0x0000000000010578
IF = 0x05800713
PC = 0x000000000001057c
IF = 0x00900693
PC = 0x0000000000010580
IF = 0x02a00513
PC = 0x0000000000010584
IF = 0x0009cd03
PC = 0x0000000000010588
IF = 0x00198993
PC = 0x000000000001058c
IF = 0xfe0d079b
PC = 0x0000000000010590
IF = 0x1cf762e3
PC = 0x0000000000010594
IF = 0x03013803
PC = 0x0000000000010598
IF = 0x02079793
PC = 0x000000000001059c
IF = 0x01e7d793
PC = 0x00000000000105a0
IF = 0x010787b3
PC = 0x00000000000105a4
IF = 0x0007a783
PC = 0x00000000000105a8
IF = 0x00078067
PC = 0x0000000000010e28
IF = 0x00060463
PC = 0x0000000000010e30
IF = 0x02813783
PC = 0x0000000000010e34
IF = 0x00100913
PC = 0x0000000000010e38
IF = 0x0007b787
PC = 0x0000000000010e3c
IF = 0x00878793
PC = 0x0000000000010e40
IF = 0x01113023
PC = 0x0000000000010e44
IF = 0x04f13c27
PC = 0x0000000000010e48
IF = 0x05813c83
PC = 0x0000000000010e4c
IF = 0x02f13423
PC = 0x0000000000010e50
IF = 0xf20c8553
PC = 0x0000000000010e54
IF = 0x2e8050ef
PC = 0x000000000001613c
IF = 0xe20507d3
PC = 0x0000000000016140
IF = 0x00200513
PC = 0x0000000000016144
IF = 0x4207d713
PC = 0x0000000000016148
IF = 0x0007879b
PC = 0x000000000001614c
IF = 0x00f766b3
PC = 0x0000000000016150
IF = 0x00069463
PC = 0x0000000000016158
IF = 0x800006b7
PC = 0x000000000001615c
IF = 0x04d70863
PC = 0x0000000000016160
IF = 0xfff006b7
PC = 0x0000000000016164
IF = 0x00d706bb
PC = 0x0000000000016168
IF = 0x7fe00637
PC = 0x000000000001616c
IF = 0x00400513
PC = 0x0000000000016170
IF = 0xfec6e2e3
PC = 0x0000000000016154
IF = 0x00008067
PC = 0x0000000000010e58
IF = 0x00013883
PC = 0x0000000000010e5c
IF = 0x0f251ce3
PC = 0x0000000000011754
IF = 0x05813507
PC = 0x0000000000011758
IF = 0x01113023
PC = 0x000000000001175c
IF = 0x1e1040ef
PC = 0x000000000001613c
IF = 0xe20507d3
PC = 0x0000000000016140
IF = 0x00200513
PC = 0x0000000000016144
IF = 0x4207d713
PC = 0x0000000000016148
IF = 0x0007879b
PC = 0x000000000001614c
IF = 0x00f766b3
PC = 0x0000000000016150
IF = 0x00069463
PC = 0x0000000000016158
IF = 0x800006b7
PC = 0x000000000001615c
IF = 0x04d70863
PC = 0x0000000000016160
IF = 0xfff006b7
PC = 0x0000000000016164
IF = 0x00d706bb
PC = 0x0000000000016168
IF = 0x7fe00637
PC = 0x000000000001616c
IF = 0x00400513
PC = 0x0000000000016170
IF = 0xfec6e2e3
PC = 0x0000000000016154
IF = 0x00008067
PC = 0x0000000000011760
IF = 0x00013883
PC = 0x0000000000011764
IF = 0x2a050463
PC = 0x0000000000011768
IF = 0xfff00793
PC = 0x000000000001176c
IF = 0xfdfd7d93
PC = 0x0000000000011770
IF = 0x62f40c63
PC = 0x0000000000011da8
IF = 0x00600413
PC = 0x0000000000011dac
IF = 0x9d1ff06f
PC = 0x000000000001177c
IF = 0x05813703
PC = 0x0000000000011780
IF = 0x100c6693
PC = 0x0000000000011784
IF = 0x00d12023
PC = 0x0000000000011788
IF = 0x42075793
PC = 0x000000000001178c
IF = 0xf2070453
PC = 0x0000000000011790
IF = 0x00000c93
PC = 0x0000000000011794
IF = 0x6607c663
PC = 0x0000000000011798
IF = 0x06600793
PC = 0x000000000001179c
IF = 0x60fd0a63
PC = 0x0000000000011db0
IF = 0x228405d3
PC = 0x0000000000011db4
IF = 0x09810713
PC = 0x0000000000011db8
IF = 0x0a810813
PC = 0x0000000000011dbc
IF = 0x09c10793
PC = 0x0000000000011dc0
IF = 0x00040693
PC = 0x0000000000011dc4
IF = 0x00300613
PC = 0x0000000000011dc8
IF = 0x000b8513
PC = 0x0000000000011dcc
IF = 0x01113423
PC = 0x0000000000011dd0
IF = 0x14d000ef
PC = 0x000000000001271c
IF = 0xe20585d3
PC = 0x0000000000012720
IF = 0x06053883
PC = 0x0000000000012724
IF = 0xf3010113
PC = 0x0000000000012728
IF = 0x0c813023
PC = 0x000000000001272c
IF = 0x0a913c23
PC = 0x0000000000012730
IF = 0x0b313423
PC = 0x0000000000012734
IF = 0x09613823
PC = 0x0000000000012738
IF = 0x07913c23
PC = 0x000000000001273c
IF = 0x07a13823
PC = 0x0000000000012740
IF = 0x0c113423
PC = 0x0000000000012744
IF = 0x0b213823
PC = 0x0000000000012748
IF = 0x0b413023
PC = 0x000000000001274c
IF = 0x09513c23
PC = 0x0000000000012750
IF = 0x09713423
PC = 0x0000000000012754
IF = 0x09813023
PC = 0x0000000000012758
IF = 0x07b13423
PC = 0x000000000001275c
IF = 0x00e13023
PC = 0x0000000000012760
IF = 0x00050413
PC = 0x0000000000012764
IF = 0x00060993
PC = 0x0000000000012768
IF = 0x00068c93
PC = 0x000000000001276c
IF = 0x00078493
PC = 0x0000000000012770
IF = 0x00080b13
PC = 0x0000000000012774
IF = 0x00058d13
PC = 0x0000000000012778
IF = 0x02088263
PC = 0x000000000001279c
IF = 0x420d5913
PC = 0x00000000000127a0
IF = 0x0c094063
PC = 0x00000000000127a4
IF = 0x0004a023
PC = 0x00000000000127a8
IF = 0x7ff007b7
PC = 0x00000000000127ac
IF = 0x00f976b3
PC = 0x00000000000127b0
IF = 0x06f68a63
PC = 0x00000000000127b4
IF = 0xf20007d3
PC = 0x00000000000127b8
IF = 0xf20d0753
PC = 0x00000000000127bc
IF = 0xa2f727d3
PC = 0x00000000000127c0
IF = 0x0c078463
PC = 0x0000000000012888
IF = 0xf20d05d3
PC = 0x000000000001288c
IF = 0x05810693
PC = 0x0000000000012890
IF = 0x05c10613
PC = 0x0000000000012894
IF = 0x00040513
PC = 0x0000000000012898
IF = 0x578030ef
PC = 0x0000000000015e10
IF = 0xfc010113
PC = 0x0000000000015e14
IF = 0x02813823
PC = 0x0000000000015e18
IF = 0xe2058453
PC = 0x0000000000015e1c
IF = 0x00100593
PC = 0x0000000000015e20
IF = 0x02913423
PC = 0x0000000000015e24
IF = 0x03213023
PC = 0x0000000000015e28
IF = 0x01313c23
PC = 0x0000000000015e2c
IF = 0x01413823
PC = 0x0000000000015e30
IF = 0x00068993
PC = 0x0000000000015e34
IF = 0x02113c23
PC = 0x0000000000015e38
IF = 0x00060a13
PC = 0x0000000000015e3c
IF = 0xa9cff0ef
PC = 0x00000000000150d8
IF = 0x07853783
PC = 0x00000000000150dc
IF = 0xfe010113
PC = 0x00000000000150e0
IF = 0x00813823
PC = 0x00000000000150e4
IF = 0x00913423
PC = 0x00000000000150e8
IF = 0x00113c23
PC = 0x00000000000150ec
IF = 0x01213023
PC = 0x00000000000150f0
IF = 0x00050413
PC = 0x00000000000150f4
IF = 0x00058493
PC = 0x00000000000150f8
IF = 0x02078e63
PC = 0x0000000000015134
IF = 0x04100613
PC = 0x0000000000015138
IF = 0x00800593
PC = 0x000000000001513c
IF = 0x638020ef
PC = 0x0000000000017774
IF = 0x02c585b3
PC = 0x0000000000017778
IF = 0xff010113
PC = 0x000000000001777c
IF = 0x00113423
PC = 0x0000000000017780
IF = 0x00813023
PC = 0x0000000000017784
IF = 0xef9fc0ef
PC = 0x000000000001467c
IF = 0xfa010113
PC = 0x0000000000014680
IF = 0x04913423
PC = 0x0000000000014684
IF = 0x03313c23
PC = 0x0000000000014688
IF = 0x04113c23
PC = 0x000000000001468c
IF = 0x04813823
PC = 0x0000000000014690
IF = 0x05213023
PC = 0x0000000000014694
IF = 0x03413823
PC = 0x0000000000014698
IF = 0x03513423
PC = 0x000000000001469c
IF = 0x03613023
PC = 0x00000000000146a0
IF = 0x01713c23
PC = 0x00000000000146a4
IF = 0x01813823
PC = 0x00000000000146a8
IF = 0x01913423
PC = 0x00000000000146ac
IF = 0x01758493
PC = 0x00000000000146b0
IF = 0x02e00793
PC = 0x00000000000146b4
IF = 0x00050993
PC = 0x00000000000146b8
IF = 0x1c97fa63
PC = 0x00000000000146bc
IF = 0x800007b7
PC = 0x00000000000146c0
IF = 0xff04f493
PC = 0x00000000000146c4
IF = 0xfff7c793
PC = 0x00000000000146c8
IF = 0x2497ee63
PC = 0x00000000000146cc
IF = 0x24b4ec63
PC = 0x00000000000146d0
IF = 0x201000ef
PC = 0x00000000000150d0
IF = 0x00008067
PC = 0x00000000000146d4
IF = 0x1f700793
PC = 0x00000000000146d8
IF = 0x7097f063
PC = 0x00000000000146dc
IF = 0x0094d793
PC = 0x00000000000146e0
IF = 0x08000693
PC = 0x00000000000146e4
IF = 0x04000513
PC = 0x00000000000146e8
IF = 0x03f00593
PC = 0x00000000000146ec
IF = 0x24079463
PC = 0x0000000000014934
IF = 0x00400713
PC = 0x0000000000014938
IF = 0x1ef76463
PC = 0x000000000001493c
IF = 0x0064d593
PC = 0x0000000000014940
IF = 0x0005859b
PC = 0x0000000000014944
IF = 0x0395851b
PC = 0x0000000000014948
IF = 0x0015169b
PC = 0x000000000001494c
IF = 0x0385859b
PC = 0x0000000000014950
IF = 0xda1ff06f
PC = 0x00000000000146f0
IF = 0x0001b937
PC = 0x00000000000146f4
IF = 0xb2890913
PC = 0x00000000000146f8
IF = 0x00369693
PC = 0x00000000000146fc
IF = 0x00d906b3
PC = 0x0000000000014700
IF = 0x0086b403
PC = 0x0000000000014704
IF = 0xff068693
PC = 0x0000000000014708
IF = 0x24868663
PC = 0x0000000000014954
IF = 0x00050693
PC = 0x0000000000014958
IF = 0xde9ff06f
PC = 0x0000000000014740
IF = 0x02093403
PC = 0x0000000000014744
IF = 0x01090813
PC = 0x0000000000014748
IF = 0x47040a63
PC = 0x0000000000014bbc
IF = 0x00893783
PC = 0x0000000000014bc0
IF = 0xbfdff06f
PC = 0x00000000000147bc
IF = 0x4026d61b
PC = 0x00000000000147c0
IF = 0x00100713
PC = 0x00000000000147c4
IF = 0x00c71633
PC = 0x00000000000147c8
IF = 0x1cc7e063
PC = 0x0000000000014988
IF = 0x01093403
PC = 0x000000000001498c
IF = 0x00843703
PC = 0x0000000000014990
IF = 0xffc77b93
PC = 0x0000000000014994
IF = 0x009be863
PC = 0x0000000000014998
IF = 0x409b87b3
PC = 0x000000000001499c
IF = 0x01f00713
PC = 0x00000000000149a0
IF = 0x14f74c63
PC = 0x0000000000014af8
IF = 0x0014e713
PC = 0x0000000000014afc
IF = 0x00e43423
PC = 0x0000000000014b00
IF = 0x009404b3
PC = 0x0000000000014b04
IF = 0x00993823
PC = 0x0000000000014b08
IF = 0x0017e793
PC = 0x0000000000014b0c
IF = 0x00098513
PC = 0x0000000000014b10
IF = 0x00f4b423
PC = 0x0000000000014b14
IF = 0x5c0000ef
PC = 0x00000000000150d4
IF = 0x00008067
PC = 0x0000000000014b18
IF = 0x01040513
PC = 0x0000000000014b1c
IF = 0xdd5ff06f
PC = 0x00000000000148f0
IF = 0x05813083
PC = 0x00000000000148f4
IF = 0x05013403
PC = 0x00000000000148f8
IF = 0x04813483
PC = 0x00000000000148fc
IF = 0x04013903
PC = 0x0000000000014900
IF = 0x03813983
PC = 0x0000000000014904
IF = 0x03013a03
PC = 0x0000000000014908
IF = 0x02813a83
PC = 0x000000000001490c
IF = 0x02013b03
PC = 0x0000000000014910
IF = 0x01813b83
PC = 0x0000000000014914
IF = 0x01013c03
PC = 0x0000000000014918
IF = 0x00813c83
PC = 0x000000000001491c
IF = 0x06010113
PC = 0x0000000000014920
IF = 0x00008067
PC = 0x0000000000017788
IF = 0x08050c63
PC = 0x000000000001778c
IF = 0xff853603
PC = 0x0000000000017790
IF = 0x04800713
PC = 0x0000000000017794
IF = 0x00050413
PC = 0x0000000000017798
IF = 0xffc67613
PC = 0x000000000001779c
IF = 0xff860613
PC = 0x00000000000177a0
IF = 0x04c76e63
PC = 0x00000000000177fc
IF = 0x00000593
PC = 0x0000000000017800
IF = 0xff4fd0ef
PC = 0x0000000000014ff4
IF = 0x00f00813
PC = 0x0000000000014ff8
IF = 0x00050713
PC = 0x0000000000014ffc
IF = 0x02c87a63
PC = 0x0000000000015000
IF = 0x00f77793
PC = 0x0000000000015004
IF = 0x0a079063
PC = 0x0000000000015008
IF = 0x06059e63
PC = 0x000000000001500c
IF = 0xff067693
PC = 0x0000000000015010
IF = 0x00f67613
PC = 0x0000000000015014
IF = 0x00e686b3
PC = 0x0000000000015018
IF = 0x00b73023
PC = 0x000000000001501c
IF = 0x00b73423
PC = 0x0000000000015020
IF = 0x01070713
PC = 0x0000000000015024
IF = 0xfed76ae3
PC = 0x0000000000015018
IF = 0x00b73023
PC = 0x000000000001501c
IF = 0x00b73423
PC = 0x0000000000015020
IF = 0x01070713
PC = 0x0000000000015024
IF = 0xfed76ae3
PC = 0x0000000000015018
IF = 0x00b73023
PC = 0x000000000001501c
IF = 0x00b73423
PC = 0x0000000000015020
IF = 0x01070713
PC = 0x0000000000015024
IF = 0xfed76ae3
PC = 0x0000000000015018
IF = 0x00b73023
PC = 0x000000000001501c
IF = 0x00b73423
PC = 0x0000000000015020
IF = 0x01070713
PC = 0x0000000000015024
IF = 0xfed76ae3
PC = 0x0000000000015018
IF = 0x00b73023
PC = 0x000000000001501c
IF = 0x00b73423
PC = 0x0000000000015020
IF = 0x01070713
PC = 0x0000000000015024
IF = 0xfed76ae3
PC = 0x0000000000015018
IF = 0x00b73023
PC = 0x000000000001501c
IF = 0x00b73423
PC = 0x0000000000015020
IF = 0x01070713
PC = 0x0000000000015024
IF = 0xfed76ae3
PC = 0x0000000000015018
IF = 0x00b73023
PC = 0x000000000001501c
IF = 0x00b73423
PC = 0x0000000000015020
IF = 0x01070713
PC = 0x0000000000015024
IF = 0xfed76ae3
PC = 0x0000000000015018
IF = 0x00b73023
PC = 0x000000000001501c
IF = 0x00b73423
PC = 0x0000000000015020
IF = 0x01070713
PC = 0x0000000000015024
IF = 0xfed76ae3
PC = 0x0000000000015018
IF = 0x00b73023
PC = 0x000000000001501c
IF = 0x00b73423
PC = 0x0000000000015020
IF = 0x01070713
PC = 0x0000000000015024
IF = 0xfed76ae3
PC = 0x0000000000015018
IF = 0x00b73023
PC = 0x000000000001501c
IF = 0x00b73423
PC = 0x0000000000015020
IF = 0x01070713
PC = 0x0000000000015024
IF = 0xfed76ae3
PC = 0x0000000000015018
IF = 0x00b73023
PC = 0x000000000001501c
IF = 0x00b73423
PC = 0x0000000000015020
IF = 0x01070713
PC = 0x0000000000015024
IF = 0xfed76ae3
PC = 0x0000000000015018
IF = 0x00b73023
PC = 0x000000000001501c
IF = 0x00b73423
PC = 0x0000000000015020
IF = 0x01070713
PC = 0x0000000000015024
IF = 0xfed76ae3
PC = 0x0000000000015018
IF = 0x00b73023
PC = 0x000000000001501c
IF = 0x00b73423
PC = 0x0000000000015020
IF = 0x01070713
PC = 0x0000000000015024
IF = 0xfed76ae3
PC = 0x0000000000015018
IF = 0x00b73023
PC = 0x000000000001501c
IF = 0x00b73423
PC = 0x0000000000015020
IF = 0x01070713
PC = 0x0000000000015024
IF = 0xfed76ae3
PC = 0x0000000000015018
IF = 0x00b73023
PC = 0x000000000001501c
IF = 0x00b73423
PC = 0x0000000000015020
IF = 0x01070713
PC = 0x0000000000015024
IF = 0xfed76ae3
PC = 0x0000000000015018
IF = 0x00b73023
PC = 0x000000000001501c
IF = 0x00b73423
PC = 0x0000000000015020
IF = 0x01070713
PC = 0x0000000000015024
IF = 0xfed76ae3
PC = 0x0000000000015018
IF = 0x00b73023
PC = 0x000000000001501c
IF = 0x00b73423
PC = 0x0000000000015020
IF = 0x01070713
PC = 0x0000000000015024
IF = 0xfed76ae3
PC = 0x0000000000015018
IF = 0x00b73023
PC = 0x000000000001501c
IF = 0x00b73423
PC = 0x0000000000015020
IF = 0x01070713
PC = 0x0000000000015024
IF = 0xfed76ae3
PC = 0x0000000000015018
IF = 0x00b73023
PC = 0x000000000001501c
IF = 0x00b73423
PC = 0x0000000000015020
IF = 0x01070713
PC = 0x0000000000015024
IF = 0xfed76ae3
PC = 0x0000000000015018
IF = 0x00b73023
PC = 0x000000000001501c
IF = 0x00b73423
PC = 0x0000000000015020
IF = 0x01070713
PC = 0x0000000000015024
IF = 0xfed76ae3
PC = 0x0000000000015018
IF = 0x00b73023
PC = 0x000000000001501c
IF = 0x00b73423
PC = 0x0000000000015020
IF = 0x01070713
PC = 0x0000000000015024
IF = 0xfed76ae3
PC = 0x0000000000015018
IF = 0x00b73023
PC = 0x000000000001501c
IF = 0x00b73423
PC = 0x0000000000015020
IF = 0x01070713
PC = 0x0000000000015024
IF = 0xfed76ae3
PC = 0x0000000000015018
IF = 0x00b73023
PC = 0x000000000001501c
IF = 0x00b73423
PC = 0x0000000000015020
IF = 0x01070713
PC = 0x0000000000015024
IF = 0xfed76ae3
PC = 0x0000000000015018
IF = 0x00b73023
PC = 0x000000000001501c
IF = 0x00b73423
PC = 0x0000000000015020
IF = 0x01070713
PC = 0x0000000000015024
IF = 0xfed76ae3
PC = 0x0000000000015018
IF = 0x00b73023
PC = 0x000000000001501c
IF = 0x00b73423
PC = 0x0000000000015020
IF = 0x01070713
PC = 0x0000000000015024
IF = 0xfed76ae3
PC = 0x0000000000015018
IF = 0x00b73023
PC = 0x000000000001501c
IF = 0x00b73423
PC = 0x0000000000015020
IF = 0x01070713
PC = 0x0000000000015024
IF = 0xfed76ae3
PC = 0x0000000000015018
IF = 0x00b73023
PC = 0x000000000001501c
IF = 0x00b73423
PC = 0x0000000000015020
IF = 0x01070713
PC = 0x0000000000015024
IF = 0xfed76ae3
PC = 0x0000000000015018
IF = 0x00b73023
PC = 0x000000000001501c
IF = 0x00b73423
PC = 0x0000000000015020
IF = 0x01070713
PC = 0x0000000000015024
IF = 0xfed76ae3
PC = 0x0000000000015018
IF = 0x00b73023
PC = 0x000000000001501c
IF = 0x00b73423
PC = 0x0000000000015020
IF = 0x01070713
PC = 0x0000000000015024
IF = 0xfed76ae3
PC = 0x0000000000015018
IF = 0x00b73023
PC = 0x000000000001501c
IF = 0x00b73423
PC = 0x0000000000015020
IF = 0x01070713
PC = 0x0000000000015024
IF = 0xfed76ae3
PC = 0x0000000000015018
IF = 0x00b73023
PC = 0x000000000001501c
IF = 0x00b73423
PC = 0x0000000000015020
IF = 0x01070713
PC = 0x0000000000015024
IF = 0xfed76ae3
PC = 0x0000000000015018
IF = 0x00b73023
PC = 0x000000000001501c
IF = 0x00b73423
PC = 0x0000000000015020
IF = 0x01070713
PC = 0x0000000000015024
IF = 0xfed76ae3
PC = 0x0000000000015028
IF = 0x00061463
PC = 0x0000000000015030
IF = 0x40c806b3
PC = 0x0000000000015034
IF = 0x00269693
PC = 0x0000000000015038
IF = 0x00000297
PC = 0x000000000001503c
IF = 0x005686b3
PC = 0x0000000000015040
IF = 0x00c68067
PC = 0x0000000000015060
IF = 0x00b703a3
PC = 0x0000000000015064
IF = 0x00b70323
PC = 0x0000000000015068
IF = 0x00b702a3
PC = 0x000000000001506c
IF = 0x00b70223
PC = 0x0000000000015070
IF = 0x00b701a3
PC = 0x0000000000015074
IF = 0x00b70123
PC = 0x0000000000015078
IF = 0x00b700a3
PC = 0x000000000001507c
IF = 0x00b70023
PC = 0x0000000000015080
IF = 0x00008067
PC = 0x0000000000017804
IF = 0x00813083
PC = 0x0000000000017808
IF = 0x00040513
PC = 0x000000000001780c
IF = 0x00013403
PC = 0x0000000000017810
IF = 0x01010113
PC = 0x0000000000017814
IF = 0x00008067
PC = 0x0000000000015140
IF = 0x06a43c23
PC = 0x0000000000015144
IF = 0x00050793
PC = 0x0000000000015148
IF = 0xfa051ae3
PC = 0x00000000000150fc
IF = 0x00349513
PC = 0x0000000000015100
IF = 0x00a787b3
PC = 0x0000000000015104
IF = 0x0007b503
PC = 0x0000000000015108
IF = 0x04050663
PC = 0x0000000000015154
IF = 0x00100913
PC = 0x0000000000015158
IF = 0x0099193b
PC = 0x000000000001515c
IF = 0xfff9061b
PC = 0x0000000000015160
IF = 0x00860613
PC = 0x0000000000015164
IF = 0x00261613
PC = 0x0000000000015168
IF = 0x00100593
PC = 0x000000000001516c
IF = 0x00040513
PC = 0x0000000000015170
IF = 0x604020ef
PC = 0x0000000000017774
IF = 0x02c585b3
PC = 0x0000000000017778
IF = 0xff010113
PC = 0x000000000001777c
IF = 0x00113423
PC = 0x0000000000017780
IF = 0x00813023
PC = 0x0000000000017784
IF = 0xef9fc0ef
PC = 0x000000000001467c
IF = 0xfa010113
PC = 0x0000000000014680
IF = 0x04913423
PC = 0x0000000000014684
IF = 0x03313c23
PC = 0x0000000000014688
IF = 0x04113c23
PC = 0x000000000001468c
IF = 0x04813823
PC = 0x0000000000014690
IF = 0x05213023
PC = 0x0000000000014694
IF = 0x03413823
PC = 0x0000000000014698
IF = 0x03513423
PC = 0x000000000001469c
IF = 0x03613023
PC = 0x00000000000146a0
IF = 0x01713c23
PC = 0x00000000000146a4
IF = 0x01813823
PC = 0x00000000000146a8
IF = 0x01913423
PC = 0x00000000000146ac
IF = 0x01758493
PC = 0x00000000000146b0
IF = 0x02e00793
PC = 0x00000000000146b4
IF = 0x00050993
PC = 0x00000000000146b8
IF = 0x1c97fa63
PC = 0x00000000000146bc
IF = 0x800007b7
PC = 0x00000000000146c0
IF = 0xff04f493
PC = 0x00000000000146c4
IF = 0xfff7c793
PC = 0x00000000000146c8
IF = 0x2497ee63
PC = 0x00000000000146cc
IF = 0x24b4ec63
PC = 0x00000000000146d0
IF = 0x201000ef
PC = 0x00000000000150d0
IF = 0x00008067
PC = 0x00000000000146d4
IF = 0x1f700793
PC = 0x00000000000146d8
IF = 0x7097f063
PC = 0x0000000000014dd8
IF = 0x0034d693
PC = 0x0000000000014ddc
IF = 0x0006869b
PC = 0x0000000000014de0
IF = 0x0016879b
PC = 0x0000000000014de4
IF = 0x0017979b
PC = 0x0000000000014de8
IF = 0xab9ff06f
PC = 0x00000000000148a0
IF = 0x0001b937
PC = 0x00000000000148a4
IF = 0xb2890913
PC = 0x00000000000148a8
IF = 0x00379793
PC = 0x00000000000148ac
IF = 0x00f907b3
PC = 0x00000000000148b0
IF = 0x0087b403
PC = 0x00000000000148b4
IF = 0xff078713
PC = 0x00000000000148b8
IF = 0x32e40063
PC = 0x0000000000014bd8
IF = 0x0187b403
PC = 0x0000000000014bdc
IF = 0x0026869b
PC = 0x0000000000014be0
IF = 0xb68780e3
PC = 0x0000000000014740
IF = 0x02093403
PC = 0x0000000000014744
IF = 0x01090813
PC = 0x0000000000014748
IF = 0x47040a63
PC = 0x0000000000014bbc
IF = 0x00893783
PC = 0x0000000000014bc0
IF = 0xbfdff06f
PC = 0x00000000000147bc
IF = 0x4026d61b
PC = 0x00000000000147c0
IF = 0x00100713
PC = 0x00000000000147c4
IF = 0x00c71633
PC = 0x00000000000147c8
IF = 0x1cc7e063
PC = 0x0000000000014988
IF = 0x01093403
PC = 0x000000000001498c
IF = 0x00843703
PC = 0x0000000000014990
IF = 0xffc77b93
PC = 0x0000000000014994
IF = 0x009be863
PC = 0x0000000000014998
IF = 0x409b87b3
PC = 0x000000000001499c
IF = 0x01f00713
PC = 0x00000000000149a0
IF = 0x14f74c63
PC = 0x0000000000014af8
IF = 0x0014e713
PC = 0x0000000000014afc
IF = 0x00e43423
PC = 0x0000000000014b00
IF = 0x009404b3
PC = 0x0000000000014b04
IF = 0x00993823
PC = 0x0000000000014b08
IF = 0x0017e793
PC = 0x0000000000014b0c
IF = 0x00098513
PC = 0x0000000000014b10
IF = 0x00f4b423
PC = 0x0000000000014b14
IF = 0x5c0000ef
PC = 0x00000000000150d4
IF = 0x00008067
PC = 0x0000000000014b18
IF = 0x01040513
PC = 0x0000000000014b1c
IF = 0xdd5ff06f
PC = 0x00000000000148f0
IF = 0x05813083
PC = 0x00000000000148f4
IF = 0x05013403
PC = 0x00000000000148f8
IF = 0x04813483
PC = 0x00000000000148fc
IF = 0x04013903
PC = 0x0000000000014900
IF = 0x03813983
PC = 0x0000000000014904
IF = 0x03013a03
PC = 0x0000000000014908
IF = 0x02813a83
PC = 0x000000000001490c
IF = 0x02013b03
PC = 0x0000000000014910
IF = 0x01813b83
PC = 0x0000000000014914
IF = 0x01013c03
PC = 0x0000000000014918
IF = 0x00813c83
PC = 0x000000000001491c
IF = 0x06010113
PC = 0x0000000000014920
IF = 0x00008067
PC = 0x0000000000017788
IF = 0x08050c63
PC = 0x000000000001778c
IF = 0xff853603
PC = 0x0000000000017790
IF = 0x04800713
PC = 0x0000000000017794
IF = 0x00050413
PC = 0x0000000000017798
IF = 0xffc67613
PC = 0x000000000001779c
IF = 0xff860613
PC = 0x00000000000177a0
IF = 0x04c76e63
PC = 0x00000000000177a4
IF = 0x02700693
PC = 0x00000000000177a8
IF = 0x00050793
PC = 0x00000000000177ac
IF = 0x02c6f863
PC = 0x00000000000177b0
IF = 0x00053023
PC = 0x00000000000177b4
IF = 0x00053423
PC = 0x00000000000177b8
IF = 0x03700793
PC = 0x00000000000177bc
IF = 0x04c7fe63
PC = 0x0000000000017818
IF = 0x01050793
PC = 0x000000000001781c
IF = 0xfc1ff06f
PC = 0x00000000000177dc
IF = 0x0007b023
PC = 0x00000000000177e0
IF = 0x0007b423
PC = 0x00000000000177e4
IF = 0x0007b823
PC = 0x00000000000177e8
IF = 0x00040513
PC = 0x00000000000177ec
IF = 0x00813083
PC = 0x00000000000177f0
IF = 0x00013403
PC = 0x00000000000177f4
IF = 0x01010113
PC = 0x00000000000177f8
IF = 0x00008067
PC = 0x0000000000015174
IF = 0xfc050ce3
PC = 0x0000000000015178
IF = 0x00952423
PC = 0x000000000001517c
IF = 0x01252623
PC = 0x0000000000015180
IF = 0xf95ff06f
PC = 0x0000000000015114
IF = 0x00052a23
PC = 0x0000000000015118
IF = 0x00052823
PC = 0x000000000001511c
IF = 0x01813083
PC = 0x0000000000015120
IF = 0x01013403
PC = 0x0000000000015124
IF = 0x00813483
PC = 0x0000000000015128
IF = 0x00013903
PC = 0x000000000001512c
IF = 0x02010113
PC = 0x0000000000015130
IF = 0x00008067
PC = 0x0000000000015e40
IF = 0x42045793
PC = 0x0000000000015e44
IF = 0x02179493
PC = 0x0000000000015e48
IF = 0x001006b7
PC = 0x0000000000015e4c
IF = 0xfff6871b
PC = 0x0000000000015e50
IF = 0x0354d493
PC = 0x0000000000015e54
IF = 0x00050913
PC = 0x0000000000015e58
IF = 0x00e7f7b3
PC = 0x0000000000015e5c
IF = 0x00048463
PC = 0x0000000000015e60
IF = 0x00d7e7b3
PC = 0x0000000000015e64
IF = 0x00f12623
PC = 0x0000000000015e68
IF = 0x0004041b
PC = 0x0000000000015e6c
IF = 0x08040063
PC = 0x0000000000015eec
IF = 0x00c10513
PC = 0x0000000000015ef0
IF = 0xd70ff0ef
PC = 0x0000000000015460
IF = 0x00052783
PC = 0x0000000000015464
IF = 0x00050693
PC = 0x0000000000015468
IF = 0x0077f713
PC = 0x000000000001546c
IF = 0x02070463
PC = 0x0000000000015494
IF = 0x0107961b
PC = 0x0000000000015498
IF = 0x0106561b
PC = 0x000000000001549c
IF = 0x00000713
PC = 0x00000000000154a0
IF = 0x00061663
PC = 0x00000000000154a4
IF = 0x0107d79b
PC = 0x00000000000154a8
IF = 0x01000713
PC = 0x00000000000154ac
IF = 0x0ff7f613
PC = 0x00000000000154b0
IF = 0x00061663
PC = 0x00000000000154bc
IF = 0x00f7f613
PC = 0x00000000000154c0
IF = 0x00061663
PC = 0x00000000000154cc
IF = 0x0037f613
PC = 0x00000000000154d0
IF = 0x00061663
PC = 0x00000000000154d4
IF = 0x0027071b
PC = 0x00000000000154d8
IF = 0x0027d79b
PC = 0x00000000000154dc
IF = 0x0017f613
PC = 0x00000000000154e0
IF = 0x00061a63
PC = 0x00000000000154f4
IF = 0x00f6a023
PC = 0x00000000000154f8
IF = 0x00070513
PC = 0x00000000000154fc
IF = 0x00008067
PC = 0x0000000000015ef4
IF = 0x00c12783
PC = 0x0000000000015ef8
IF = 0x00100413
PC = 0x0000000000015efc
IF = 0x00892a23
PC = 0x0000000000015f00
IF = 0x00f92c23
PC = 0x0000000000015f04
IF = 0x0205051b
PC = 0x0000000000015f08
IF = 0xf8048ee3
PC = 0x0000000000015f0c
IF = 0xbcd4849b
PC = 0x0000000000015f10
IF = 0x00a484bb
PC = 0x0000000000015f14
IF = 0x03500793
PC = 0x0000000000015f18
IF = 0x009a2023
PC = 0x0000000000015f1c
IF = 0x40a7853b
PC = 0x0000000000015f20
IF = 0x00a9a023
PC = 0x0000000000015f24
IF = 0xfa5ff06f
PC = 0x0000000000015ec8
IF = 0x03813083
PC = 0x0000000000015ecc
IF = 0x00090513
PC = 0x0000000000015ed0
IF = 0x03013403
PC = 0x0000000000015ed4
IF = 0x02813483
PC = 0x0000000000015ed8
IF = 0x02013903
PC = 0x0000000000015edc
IF = 0x01813983
PC = 0x0000000000015ee0
IF = 0x01013a03
PC = 0x0000000000015ee4
IF = 0x04010113
PC = 0x0000000000015ee8
IF = 0x00008067
PC = 0x000000000001289c
IF = 0x02a13023
PC = 0x00000000000128a0
IF = 0x0149581b
PC = 0x00000000000128a4
IF = 0x38081863
PC = 0x0000000000012c34
IF = 0x00cd1793
PC = 0x0000000000012c38
IF = 0x02c7d693
PC = 0x0000000000012c3c
IF = 0x3ff007b7
PC = 0x0000000000012c40
IF = 0x00f6e7b3
PC = 0x0000000000012c44
IF = 0x020d1493
PC = 0x0000000000012c48
IF = 0x02079793
PC = 0x0000000000012c4c
IF = 0x0204d493
PC = 0x0000000000012c50
IF = 0x00f4e4b3
PC = 0x0000000000012c54
IF = 0xc018081b
PC = 0x0000000000012c58
IF = 0x05812603
PC = 0x0000000000012c5c
IF = 0x00000913
PC = 0x0000000000012c60
IF = 0xca9ff06f
PC = 0x0000000000012908
IF = 0x0001b7b7
PC = 0x000000000001290c
IF = 0x3787b787
PC = 0x0000000000012910
IF = 0xf2048753
PC = 0x0000000000012914
IF = 0x0001b7b7
PC = 0x0000000000012918
IF = 0x0af77653
PC = 0x000000000001291c
IF = 0x3887b787
PC = 0x0000000000012920
IF = 0x0001b7b7
PC = 0x0000000000012924
IF = 0x3807b687
PC = 0x0000000000012928
IF = 0x0001b7b7
PC = 0x000000000001292c
IF = 0xd2080753
PC = 0x0000000000012930
IF = 0x7ad677c3
PC = 0x0000000000012934
IF = 0x3907b687
PC = 0x0000000000012938
IF = 0x7ad777c3
PC = 0x000000000001293c
IF = 0xf2000753
PC = 0x0000000000012940
IF = 0xa2e797d3
PC = 0x0000000000012944
IF = 0xc2079bd3
PC = 0x0000000000012948
IF = 0x5e079e63
PC = 0x000000000001294c
IF = 0x00100793
PC = 0x0000000000012950
IF = 0x02f12823
PC = 0x0000000000012954
IF = 0x01600793
PC = 0x0000000000012958
IF = 0x0377e663
PC = 0x000000000001295c
IF = 0x000197b7
PC = 0x0000000000012960
IF = 0x003b9693
PC = 0x0000000000012964
IF = 0xfc878793
PC = 0x0000000000012968
IF = 0x00f687b3
PC = 0x000000000001296c
IF = 0x0007b787
PC = 0x0000000000012970
IF = 0xf20d0753
PC = 0x0000000000012974
IF = 0xa2f717d3
PC = 0x0000000000012978
IF = 0x60078863
PC = 0x000000000001297c
IF = 0xfffb8b9b
PC = 0x0000000000012980
IF = 0x02012823
PC = 0x0000000000012984
IF = 0x4106083b
PC = 0x0000000000012988
IF = 0xfff80d9b
PC = 0x000000000001298c
IF = 0x00000813
PC = 0x0000000000012990
IF = 0x2e0dc063
PC = 0x0000000000012994
IF = 0x5c0bc263
PC = 0x0000000000012998
IF = 0x017d8dbb
PC = 0x000000000001299c
IF = 0x03712423
PC = 0x00000000000129a0
IF = 0x00000c13
PC = 0x00000000000129a4
IF = 0x00900793
PC = 0x00000000000129a8
IF = 0x2d37ea63
PC = 0x00000000000129ac
IF = 0x00500793
PC = 0x00000000000129b0
IF = 0x00100a13
PC = 0x00000000000129b4
IF = 0x0137d663
PC = 0x00000000000129c0
IF = 0x00300793
PC = 0x00000000000129c4
IF = 0x2af982e3
PC = 0x0000000000013468
IF = 0x00012823
PC = 0x000000000001346c
IF = 0xd78ff06f
PC = 0x00000000000129e4
IF = 0x019b87bb
PC = 0x00000000000129e8
IF = 0x00178a9b
PC = 0x00000000000129ec
IF = 0x02f12a23
PC = 0x00000000000129f0
IF = 0x000a8513
PC = 0x00000000000129f4
IF = 0x000a8493
PC = 0x00000000000129f8
IF = 0x1b505ee3
PC = 0x00000000000129fc
IF = 0x06042423
PC = 0x0000000000012a00
IF = 0x01f00793
PC = 0x0000000000012a04
IF = 0x00000593
PC = 0x0000000000012a08
IF = 0x02a7f463
PC = 0x0000000000012a30
IF = 0x00040513
PC = 0x0000000000012a34
IF = 0x03013c23
PC = 0x0000000000012a38
IF = 0x6a0020ef
PC = 0x00000000000150d8
IF = 0x07853783
PC = 0x00000000000150dc
IF = 0xfe010113
PC = 0x00000000000150e0
IF = 0x00813823
PC = 0x00000000000150e4
IF = 0x00913423
PC = 0x00000000000150e8
IF = 0x00113c23
PC = 0x00000000000150ec
IF = 0x01213023
PC = 0x00000000000150f0
IF = 0x00050413
PC = 0x00000000000150f4
IF = 0x00058493
PC = 0x00000000000150f8
IF = 0x02078e63
PC = 0x00000000000150fc
IF = 0x00349513
PC = 0x0000000000015100
IF = 0x00a787b3
PC = 0x0000000000015104
IF = 0x0007b503
PC = 0x0000000000015108
IF = 0x04050663
PC = 0x0000000000015154
IF = 0x00100913
PC = 0x0000000000015158
IF = 0x0099193b
PC = 0x000000000001515c
IF = 0xfff9061b
PC = 0x0000000000015160
IF = 0x00860613
PC = 0x0000000000015164
IF = 0x00261613
PC = 0x0000000000015168
IF = 0x00100593
PC = 0x000000000001516c
IF = 0x00040513
PC = 0x0000000000015170
IF = 0x604020ef
PC = 0x0000000000017774
IF = 0x02c585b3
PC = 0x0000000000017778
IF = 0xff010113
PC = 0x000000000001777c
IF = 0x00113423
PC = 0x0000000000017780
IF = 0x00813023
PC = 0x0000000000017784
IF = 0xef9fc0ef
PC = 0x000000000001467c
IF = 0xfa010113
PC = 0x0000000000014680
IF = 0x04913423
PC = 0x0000000000014684
IF = 0x03313c23
PC = 0x0000000000014688
IF = 0x04113c23
PC = 0x000000000001468c
IF = 0x04813823
PC = 0x0000000000014690
IF = 0x05213023
PC = 0x0000000000014694
IF = 0x03413823
PC = 0x0000000000014698
IF = 0x03513423
PC = 0x000000000001469c
IF = 0x03613023
PC = 0x00000000000146a0
IF = 0x01713c23
PC = 0x00000000000146a4
IF = 0x01813823
PC = 0x00000000000146a8
IF = 0x01913423
PC = 0x00000000000146ac
IF = 0x01758493
PC = 0x00000000000146b0
IF = 0x02e00793
PC = 0x00000000000146b4
IF = 0x00050993
PC = 0x00000000000146b8
IF = 0x1c97fa63
PC = 0x00000000000146bc
IF = 0x800007b7
PC = 0x00000000000146c0
IF = 0xff04f493
PC = 0x00000000000146c4
IF = 0xfff7c793
PC = 0x00000000000146c8
IF = 0x2497ee63
PC = 0x00000000000146cc
IF = 0x24b4ec63
PC = 0x00000000000146d0
IF = 0x201000ef
PC = 0x00000000000150d0
IF = 0x00008067
PC = 0x00000000000146d4
IF = 0x1f700793
PC = 0x00000000000146d8
IF = 0x7097f063
PC = 0x0000000000014dd8
IF = 0x0034d693
PC = 0x0000000000014ddc
IF = 0x0006869b
PC = 0x0000000000014de0
IF = 0x0016879b
PC = 0x0000000000014de4
IF = 0x0017979b
PC = 0x0000000000014de8
IF = 0xab9ff06f
PC = 0x00000000000148a0
IF = 0x0001b937
PC = 0x00000000000148a4
IF = 0xb2890913
PC = 0x00000000000148a8
IF = 0x00379793
PC = 0x00000000000148ac
IF = 0x00f907b3
PC = 0x00000000000148b0
IF = 0x0087b403
PC = 0x00000000000148b4
IF = 0xff078713
PC = 0x00000000000148b8
IF = 0x32e40063
PC = 0x0000000000014bd8
IF = 0x0187b403
PC = 0x0000000000014bdc
IF = 0x0026869b
PC = 0x0000000000014be0
IF = 0xb68780e3
PC = 0x0000000000014740
IF = 0x02093403
PC = 0x0000000000014744
IF = 0x01090813
PC = 0x0000000000014748
IF = 0x47040a63
PC = 0x0000000000014bbc
IF = 0x00893783
PC = 0x0000000000014bc0
IF = 0xbfdff06f
PC = 0x00000000000147bc
IF = 0x4026d61b
PC = 0x00000000000147c0
IF = 0x00100713
PC = 0x00000000000147c4
IF = 0x00c71633
PC = 0x00000000000147c8
IF = 0x1cc7e063
PC = 0x0000000000014988
IF = 0x01093403
PC = 0x000000000001498c
IF = 0x00843703
PC = 0x0000000000014990
IF = 0xffc77b93
PC = 0x0000000000014994
IF = 0x009be863
PC = 0x0000000000014998
IF = 0x409b87b3
PC = 0x000000000001499c
IF = 0x01f00713
PC = 0x00000000000149a0
IF = 0x14f74c63
PC = 0x0000000000014af8
IF = 0x0014e713
PC = 0x0000000000014afc
IF = 0x00e43423
PC = 0x0000000000014b00
IF = 0x009404b3
PC = 0x0000000000014b04
IF = 0x00993823
PC = 0x0000000000014b08
IF = 0x0017e793
PC = 0x0000000000014b0c
IF = 0x00098513
PC = 0x0000000000014b10
IF = 0x00f4b423
PC = 0x0000000000014b14
IF = 0x5c0000ef
PC = 0x00000000000150d4
IF = 0x00008067
PC = 0x0000000000014b18
IF = 0x01040513
PC = 0x0000000000014b1c
IF = 0xdd5ff06f
PC = 0x00000000000148f0
IF = 0x05813083
PC = 0x00000000000148f4
IF = 0x05013403
PC = 0x00000000000148f8
IF = 0x04813483
PC = 0x00000000000148fc
IF = 0x04013903
PC = 0x0000000000014900
IF = 0x03813983
PC = 0x0000000000014904
IF = 0x03013a03
PC = 0x0000000000014908
IF = 0x02813a83
PC = 0x000000000001490c
IF = 0x02013b03
PC = 0x0000000000014910
IF = 0x01813b83
PC = 0x0000000000014914
IF = 0x01013c03
PC = 0x0000000000014918
IF = 0x00813c83
PC = 0x000000000001491c
IF = 0x06010113
PC = 0x0000000000014920
IF = 0x00008067
PC = 0x0000000000017788
IF = 0x08050c63
PC = 0x000000000001778c
IF = 0xff853603
PC = 0x0000000000017790
IF = 0x04800713
PC = 0x0000000000017794
IF = 0x00050413
PC = 0x0000000000017798
IF = 0xffc67613
PC = 0x000000000001779c
IF = 0xff860613
PC = 0x00000000000177a0
IF = 0x04c76e63
PC = 0x00000000000177a4
IF = 0x02700693
PC = 0x00000000000177a8
IF = 0x00050793
PC = 0x00000000000177ac
IF = 0x02c6f863
PC = 0x00000000000177b0
IF = 0x00053023
PC = 0x00000000000177b4
IF = 0x00053423
PC = 0x00000000000177b8
IF = 0x03700793
PC = 0x00000000000177bc
IF = 0x04c7fe63
PC = 0x0000000000017818
IF = 0x01050793
PC = 0x000000000001781c
IF = 0xfc1ff06f
PC = 0x00000000000177dc
IF = 0x0007b023
PC = 0x00000000000177e0
IF = 0x0007b423
PC = 0x00000000000177e4
IF = 0x0007b823
PC = 0x00000000000177e8
IF = 0x00040513
PC = 0x00000000000177ec
IF = 0x00813083
PC = 0x00000000000177f0
IF = 0x00013403
PC = 0x00000000000177f4
IF = 0x01010113
PC = 0x00000000000177f8
IF = 0x00008067
PC = 0x0000000000015174
IF = 0xfc050ce3
PC = 0x0000000000015178
IF = 0x00952423
PC = 0x000000000001517c
IF = 0x01252623
PC = 0x0000000000015180
IF = 0xf95ff06f
PC = 0x0000000000015114
IF = 0x00052a23
PC = 0x0000000000015118
IF = 0x00052823
PC = 0x000000000001511c
IF = 0x01813083
PC = 0x0000000000015120
IF = 0x01013403
PC = 0x0000000000015124
IF = 0x00813483
PC = 0x0000000000015128
IF = 0x00013903
PC = 0x000000000001512c
IF = 0x02010113
PC = 0x0000000000015130
IF = 0x00008067
PC = 0x0000000000012a3c
IF = 0x00a13423
PC = 0x0000000000012a40
IF = 0x06a43023
PC = 0x0000000000012a44
IF = 0x00e00793
PC = 0x0000000000012a48
IF = 0x03813803
PC = 0x0000000000012a4c
IF = 0x2697e463
PC = 0x0000000000012a50
IF = 0x260a0263
PC = 0x0000000000012a54
IF = 0x03a13c23
PC = 0x0000000000012a58
IF = 0x317054e3
PC = 0x0000000000013560
IF = 0x417007bb
PC = 0x0000000000013564
IF = 0x03813787
PC = 0x0000000000013568
IF = 0x00200713
PC = 0x000000000001356c
IF = 0xd6078063
PC = 0x0000000000012acc
IF = 0x03012783
PC = 0x0000000000012ad0
IF = 0x00078a63
PC = 0x0000000000012ae4
IF = 0x0001b7b7
PC = 0x0000000000012ae8
IF = 0xd20706d3
PC = 0x0000000000012aec
IF = 0x3a87b707
PC = 0x0000000000012af0
IF = 0xfcc006b7
PC = 0x0000000000012af4
IF = 0x72f6f743
PC = 0x0000000000012af8
IF = 0xe2070753
PC = 0x0000000000012afc
IF = 0x42075793
PC = 0x0000000000012b00
IF = 0x00d787bb
PC = 0x0000000000012b04
IF = 0x02071713
PC = 0x0000000000012b08
IF = 0x02079793
PC = 0x0000000000012b0c
IF = 0x02075713
PC = 0x0000000000012b10
IF = 0x00f76733
PC = 0x0000000000012b14
IF = 0x180a86e3
PC = 0x0000000000012b18
IF = 0x000b8693
PC = 0x0000000000012b1c
IF = 0x000a8613
PC = 0x0000000000012b20
IF = 0x01012783
PC = 0x0000000000012b24
IF = 0x300782e3
PC = 0x0000000000013628
IF = 0xfff6079b
PC = 0x000000000001362c
IF = 0x00019537
PC = 0x0000000000013630
IF = 0xc20795d3
PC = 0x0000000000013634
IF = 0x00379793
PC = 0x0000000000013638
IF = 0xfc850513
PC = 0x000000000001363c
IF = 0x00a787b3
PC = 0x0000000000013640
IF = 0x0007b707
PC = 0x0000000000013644
IF = 0x00813783
PC = 0x0000000000013648
IF = 0xd20586d3
PC = 0x000000000001364c
IF = 0xf2070653
PC = 0x0000000000013650
IF = 0x0305859b
PC = 0x0000000000013654
IF = 0x00b78023
PC = 0x0000000000013658
IF = 0x00178493
PC = 0x000000000001365c
IF = 0x00100793
PC = 0x0000000000013660
IF = 0x12c77653
PC = 0x0000000000013664
IF = 0x0ad7f7d3
PC = 0x0000000000013668
IF = 0x04f60863
PC = 0x000000000001366c
IF = 0xffe6061b
PC = 0x0000000000013670
IF = 0x0001b7b7
PC = 0x0000000000013674
IF = 0x02061593
PC = 0x0000000000013678
IF = 0x3a07b687
PC = 0x000000000001367c
IF = 0x00813783
PC = 0x0000000000013680
IF = 0x0205d593
PC = 0x0000000000013684
IF = 0x00258513
PC = 0x0000000000013688
IF = 0x00a78533
PC = 0x000000000001368c
IF = 0x00048613
PC = 0x0000000000013690
IF = 0x12d7f7d3
PC = 0x0000000000013694
IF = 0x00160613
PC = 0x0000000000013698
IF = 0xc20797d3
PC = 0x000000000001369c
IF = 0xd2078753
PC = 0x00000000000136a0
IF = 0x0307879b
PC = 0x00000000000136a4
IF = 0xfef60fa3
PC = 0x00000000000136a8
IF = 0x0ae7f7d3
PC = 0x00000000000136ac
IF = 0xfea612e3
PC = 0x0000000000013690
IF = 0x12d7f7d3
PC = 0x0000000000013694
IF = 0x00160613
PC = 0x0000000000013698
IF = 0xc20797d3
PC = 0x000000000001369c
IF = 0xd2078753
PC = 0x00000000000136a0
IF = 0x0307879b
PC = 0x00000000000136a4
IF = 0xfef60fa3
PC = 0x00000000000136a8
IF = 0x0ae7f7d3
PC = 0x00000000000136ac
IF = 0xfea612e3
PC = 0x0000000000013690
IF = 0x12d7f7d3
PC = 0x0000000000013694
IF = 0x00160613
PC = 0x0000000000013698
IF = 0xc20797d3
PC = 0x000000000001369c
IF = 0xd2078753
PC = 0x00000000000136a0
IF = 0x0307879b
PC = 0x00000000000136a4
IF = 0xfef60fa3
PC = 0x00000000000136a8
IF = 0x0ae7f7d3
PC = 0x00000000000136ac
IF = 0xfea612e3
PC = 0x0000000000013690
IF = 0x12d7f7d3
PC = 0x0000000000013694
IF = 0x00160613
PC = 0x0000000000013698
IF = 0xc20797d3
PC = 0x000000000001369c
IF = 0xd2078753
PC = 0x00000000000136a0
IF = 0x0307879b
PC = 0x00000000000136a4
IF = 0xfef60fa3
PC = 0x00000000000136a8
IF = 0x0ae7f7d3
PC = 0x00000000000136ac
IF = 0xfea612e3
PC = 0x0000000000013690
IF = 0x12d7f7d3
PC = 0x0000000000013694
IF = 0x00160613
PC = 0x0000000000013698
IF = 0xc20797d3
PC = 0x000000000001369c
IF = 0xd2078753
PC = 0x00000000000136a0
IF = 0x0307879b
PC = 0x00000000000136a4
IF = 0xfef60fa3
PC = 0x00000000000136a8
IF = 0x0ae7f7d3
PC = 0x00000000000136ac
IF = 0xfea612e3
PC = 0x0000000000013690
IF = 0x12d7f7d3
PC = 0x0000000000013694
IF = 0x00160613
PC = 0x0000000000013698
IF = 0xc20797d3
PC = 0x000000000001369c
IF = 0xd2078753
PC = 0x00000000000136a0
IF = 0x0307879b
PC = 0x00000000000136a4
IF = 0xfef60fa3
PC = 0x00000000000136a8
IF = 0x0ae7f7d3
PC = 0x00000000000136ac
IF = 0xfea612e3
PC = 0x00000000000136b0
IF = 0x00158593
PC = 0x00000000000136b4
IF = 0x00b484b3
PC = 0x00000000000136b8
IF = 0x0001b7b7
PC = 0x00000000000136bc
IF = 0x3b87b707
PC = 0x00000000000136c0
IF = 0x02e676d3
Registers:
Reg  0: 0000000000000000	Reg  1: 0000000000012a3c	Reg  2: 000000001fffecc0	Reg  3: 000000000001bb40
Reg  4: 0000000000000000	Reg  5: 0000000000015038	Reg  6: 000000000001a340	Reg  7: 0000000000000000
Reg  8: 000000000001a340	Reg  9: 000000000001bae7	Reg 10: 000000000001bae7	Reg 11: 0000000000000006
Reg 12: 000000000001bae7	Reg 13: 0000000000000000	Reg 14: 3ce8000000000000	Reg 15: 000000000001b000
Reg 16: 0000000000000000	Reg 17: 0000000000000000	Reg 18: 0000000000000000	Reg 19: 0000000000000003
Reg 20: 0000000000000001	Reg 21: 0000000000000007	Reg 22: 000000001fffee38	Reg 23: 0000000000000000
Reg 24: 0000000000000000	Reg 25: 0000000000000006	Reg 26: 4004000000000000	Reg 27: 0000000000000001
Reg 28: 0000000000000000	Reg 29: 0000000000000000	Reg 30: 0000000000000000	Reg 31: 0000000000000000
PC = 136c0
