PC = 0x0000000000010000
IF = 0x00005197
Registers:
Reg  0: 0000000000000000	Reg  1: 0000000000000000	Reg  2: 000000001ffff000	Reg  3: 0000000000015000
Reg  4: 0000000000000000	Reg  5: 0000000000000000	Reg  6: 0000000000000000	Reg  7: 0000000000000000
Reg  8: 0000000000000000	Reg  9: 0000000000000000	Reg 10: 0000000000000000	Reg 11: 0000000000000000
Reg 12: 0000000000000000	Reg 13: 0000000000000000	Reg 14: 0000000000000000	Reg 15: 0000000000000000
Reg 16: 0000000000000000	Reg 17: 0000000000000000	Reg 18: 0000000000000000	Reg 19: 0000000000000000
Reg 20: 0000000000000000	Reg 21: 0000000000000000	Reg 22: 0000000000000000	Reg 23: 0000000000000000
Reg 24: 0000000000000000	Reg 25: 0000000000000000	Reg 26: 0000000000000000	Reg 27: 0000000000000000
Reg 28: 0000000000000000	Reg 29: 0000000000000000	Reg 30: 0000000000000000	Reg 31: 0000000000000000
Running until 0000000000000000
PC = 0x0000000000010004
IF = 0x33018193
PC = 0x0000000000010008
IF = 0x00005297
PC = 0x000000000001000c
IF = 0xb6828293
PC = 0x0000000000010010
IF = 0x00005317
PC = 0x0000000000010014
IF = 0xbf030313
PC = 0x0000000000010018
IF = 0x0002b023
PC = 0x000000000001001c
IF = 0x00828293
PC = 0x0000000000010020
IF = 0xfe62ece3
PC = 0x0000000000010018
IF = 0x0002b023
PC = 0x000000000001001c
IF = 0x00828293
PC = 0x0000000000010020
IF = 0xfe62ece3
PC = 0x0000000000010018
IF = 0x0002b023
PC = 0x000000000001001c
IF = 0x00828293
PC = 0x0000000000010020
IF = 0xfe62ece3
PC = 0x0000000000010018
IF = 0x0002b023
PC = 0x000000000001001c
IF = 0x00828293
PC = 0x0000000000010020
IF = 0xfe62ece3
PC = 0x0000000000010018
IF = 0x0002b023
PC = 0x000000000001001c
IF = 0x00828293
PC = 0x0000000000010020
IF = 0xfe62ece3
PC = 0x0000000000010018
IF = 0x0002b023
PC = 0x000000000001001c
IF = 0x00828293
PC = 0x0000000000010020
IF = 0xfe62ece3
PC = 0x0000000000010018
IF = 0x0002b023
PC = 0x000000000001001c
IF = 0x00828293
PC = 0x0000000000010020
IF = 0xfe62ece3
PC = 0x0000000000010018
IF = 0x0002b023
PC = 0x000000000001001c
IF = 0x00828293
PC = 0x0000000000010020
IF = 0xfe62ece3
PC = 0x0000000000010018
IF = 0x0002b023
PC = 0x000000000001001c
IF = 0x00828293
PC = 0x0000000000010020
IF = 0xfe62ece3
PC = 0x0000000000010018
IF = 0x0002b023
PC = 0x000000000001001c
IF = 0x00828293
PC = 0x0000000000010020
IF = 0xfe62ece3
PC = 0x0000000000010018
IF = 0x0002b023
PC = 0x000000000001001c
IF = 0x00828293
PC = 0x0000000000010020
IF = 0xfe62ece3
PC = 0x0000000000010018
IF = 0x0002b023
PC = 0x000000000001001c
IF = 0x00828293
PC = 0x0000000000010020
IF = 0xfe62ece3
PC = 0x0000000000010018
IF = 0x0002b023
PC = 0x000000000001001c
IF = 0x00828293
PC = 0x0000000000010020
IF = 0xfe62ece3
PC = 0x0000000000010018
IF = 0x0002b023
PC = 0x000000000001001c
IF = 0x00828293
PC = 0x0000000000010020
IF = 0xfe62ece3
PC = 0x0000000000010018
IF = 0x0002b023
PC = 0x000000000001001c
IF = 0x00828293
PC = 0x0000000000010020
IF = 0xfe62ece3
PC = 0x0000000000010018
IF = 0x0002b023
PC = 0x000000000001001c
IF = 0x00828293
PC = 0x0000000000010020
IF = 0xfe62ece3
PC = 0x0000000000010018
IF = 0x0002b023
PC = 0x000000000001001c
IF = 0x00828293
PC = 0x0000000000010020
IF = 0xfe62ece3
PC = 0x0000000000010018
IF = 0x0002b023
PC = 0x000000000001001c
IF = 0x00828293
PC = 0x0000000000010020
IF = 0xfe62ece3
PC = 0x0000000000010024
IF = 0x00000517
PC = 0x0000000000010028
IF = 0x1b850513
PC = 0x000000000001002c
IF = 0x16c000ef
PC = 0x0000000000010198
IF = 0x00050593
PC = 0x000000000001019c
IF = 0x00000693
PC = 0x00000000000101a0
IF = 0x00000613
PC = 0x00000000000101a4
IF = 0x00000513
PC = 0x00000000000101a8
IF = 0x2bc0006f
PC = 0x0000000000010464
IF = 0xfd010113
PC = 0x0000000000010468
IF = 0x02813023
PC = 0x000000000001046c
IF = 0x8081b403
PC = 0x0000000000010470
IF = 0x00913c23
PC = 0x0000000000010474
IF = 0x00050493
PC = 0x0000000000010478
IF = 0x1f843503
PC = 0x000000000001047c
IF = 0x01213823
PC = 0x0000000000010480
IF = 0x01313423
PC = 0x0000000000010484
IF = 0x01413023
PC = 0x0000000000010488
IF = 0x02113423
PC = 0x000000000001048c
IF = 0x00058913
PC = 0x0000000000010490
IF = 0x00060a13
PC = 0x0000000000010494
IF = 0x00068993
PC = 0x0000000000010498
IF = 0x0c050663
PC = 0x0000000000010564
IF = 0x20040513
PC = 0x0000000000010568
IF = 0x1ea43c23
PC = 0x000000000001056c
IF = 0xf31ff06f
PC = 0x000000000001049c
IF = 0x00852703
PC = 0x00000000000104a0
IF = 0x01f00793
PC = 0x00000000000104a4
IF = 0x0017059b
PC = 0x00000000000104a8
IF = 0x04e7d063
PC = 0x00000000000104e8
IF = 0x00070793
PC = 0x00000000000104ec
IF = 0x02049e63
PC = 0x00000000000104f0
IF = 0x00278793
PC = 0x00000000000104f4
IF = 0x00379793
PC = 0x00000000000104f8
IF = 0x00b52423
PC = 0x00000000000104fc
IF = 0x00f50533
PC = 0x0000000000010500
IF = 0x01253023
PC = 0x0000000000010504
IF = 0x00000513
PC = 0x0000000000010508
IF = 0x02813083
PC = 0x000000000001050c
IF = 0x02013403
PC = 0x0000000000010510
IF = 0x01813483
PC = 0x0000000000010514
IF = 0x01013903
PC = 0x0000000000010518
IF = 0x00813983
PC = 0x000000000001051c
IF = 0x00013a03
PC = 0x0000000000010520
IF = 0x03010113
PC = 0x0000000000010524
IF = 0x00008067
PC = 0x0000000000010030
IF = 0x208000ef
PC = 0x0000000000010238
IF = 0xfe010113
PC = 0x000000000001023c
IF = 0x00813823
PC = 0x0000000000010240
IF = 0x000137b7
PC = 0x0000000000010244
IF = 0x00013437
PC = 0x0000000000010248
IF = 0x01213023
PC = 0x000000000001024c
IF = 0x21078793
PC = 0x0000000000010250
IF = 0x21040913
PC = 0x0000000000010254
IF = 0x41278933
PC = 0x0000000000010258
IF = 0x00913423
PC = 0x000000000001025c
IF = 0x00113c23
PC = 0x0000000000010260
IF = 0x40395913
PC = 0x0000000000010264
IF = 0x21040413
PC = 0x0000000000010268
IF = 0x00000493
PC = 0x000000000001026c
IF = 0x00090c63
PC = 0x0000000000010284
IF = 0xdc5ff0ef
PC = 0x0000000000010048
IF = 0x00008067
PC = 0x0000000000010288
IF = 0x00013437
PC = 0x000000000001028c
IF = 0x000137b7
PC = 0x0000000000010290
IF = 0x21040913
PC = 0x0000000000010294
IF = 0x21878793
PC = 0x0000000000010298
IF = 0x41278933
PC = 0x000000000001029c
IF = 0x40395913
PC = 0x00000000000102a0
IF = 0x21040413
PC = 0x00000000000102a4
IF = 0x00000493
PC = 0x00000000000102a8
IF = 0x00090c63
PC = 0x00000000000102ac
IF = 0x00043783
PC = 0x00000000000102b0
IF = 0x00148493
PC = 0x00000000000102b4
IF = 0x00840413
PC = 0x00000000000102b8
IF = 0x000780e7
PC = 0x000000000001010c
IF = 0xff010113
PC = 0x0000000000010110
IF = 0x000007b7
PC = 0x0000000000010114
IF = 0x00113423
PC = 0x0000000000010118
IF = 0x00078793
PC = 0x000000000001011c
IF = 0x00078c63
PC = 0x0000000000010134
IF = 0x000147b7
PC = 0x0000000000010138
IF = 0xbc878513
PC = 0x000000000001013c
IF = 0x00053783
PC = 0x0000000000010140
IF = 0x00079863
PC = 0x0000000000010144
IF = 0x00813083
PC = 0x0000000000010148
IF = 0x01010113
PC = 0x000000000001014c
IF = 0xf35ff06f
PC = 0x0000000000010080
IF = 0x00015537
PC = 0x0000000000010084
IF = 0x000157b7
PC = 0x0000000000010088
IF = 0xb2850593
PC = 0x000000000001008c
IF = 0xb2878793
PC = 0x0000000000010090
IF = 0x40b787b3
PC = 0x0000000000010094
IF = 0x4037d793
PC = 0x0000000000010098
IF = 0x03f7d593
PC = 0x000000000001009c
IF = 0x00f585b3
PC = 0x00000000000100a0
IF = 0x4015d593
PC = 0x00000000000100a4
IF = 0x00058c63
PC = 0x00000000000100bc
IF = 0x00008067
PC = 0x00000000000102bc
IF = 0xfe9918e3
PC = 0x00000000000102c0
IF = 0x01813083
PC = 0x00000000000102c4
IF = 0x01013403
PC = 0x00000000000102c8
IF = 0x00813483
PC = 0x00000000000102cc
IF = 0x00013903
PC = 0x00000000000102d0
IF = 0x02010113
PC = 0x00000000000102d4
IF = 0x00008067
PC = 0x0000000000010034
IF = 0x00012503
PC = 0x0000000000010038
IF = 0x00810593
PC = 0x000000000001003c
IF = 0x00000613
PC = 0x0000000000010040
IF = 0x124000ef
PC = 0x0000000000010164
IF = 0xff010113
PC = 0x0000000000010168
IF = 0x00113423
PC = 0x000000000001016c
IF = 0x00813023
PC = 0x0000000000010170
IF = 0x01010413
PC = 0x0000000000010174
IF = 0x000137b7
PC = 0x0000000000010178
IF = 0x1f078513
PC = 0x000000000001017c
IF = 0x20c000ef
PC = 0x0000000000010388
IF = 0x00050593
PC = 0x000000000001038c
IF = 0x8101b503
PC = 0x0000000000010390
IF = 0xf49ff06f
PC = 0x00000000000102d8
IF = 0xfa010113
PC = 0x00000000000102dc
IF = 0x04813823
PC = 0x00000000000102e0
IF = 0x00050413
PC = 0x00000000000102e4
IF = 0x00058513
PC = 0x00000000000102e8
IF = 0x04913423
PC = 0x00000000000102ec
IF = 0x04113c23
PC = 0x00000000000102f0
IF = 0x00058493
PC = 0x00000000000102f4
IF = 0x0a0000ef
PC = 0x0000000000010394
IF = 0x00757793
PC = 0x0000000000010398
IF = 0x00050593
PC = 0x000000000001039c
IF = 0x06079a63
PC = 0x00000000000103a0
IF = 0x000157b7
PC = 0x00000000000103a4
IF = 0xb587b683
PC = 0x00000000000103a8
IF = 0xfff00613
PC = 0x00000000000103ac
IF = 0x00850513
PC = 0x00000000000103b0
IF = 0xff853783
PC = 0x00000000000103b4
IF = 0x00d7f733
PC = 0x00000000000103b8
IF = 0x00d70733
PC = 0x00000000000103bc
IF = 0x00d7e7b3
PC = 0x00000000000103c0
IF = 0x00f767b3
PC = 0x00000000000103c4
IF = 0xfec784e3
PC = 0x00000000000103ac
IF = 0x00850513
PC = 0x00000000000103b0
IF = 0xff853783
PC = 0x00000000000103b4
IF = 0x00d7f733
PC = 0x00000000000103b8
IF = 0x00d70733
PC = 0x00000000000103bc
IF = 0x00d7e7b3
PC = 0x00000000000103c0
IF = 0x00f767b3
PC = 0x00000000000103c4
IF = 0xfec784e3
PC = 0x00000000000103c8
IF = 0xff854783
PC = 0x00000000000103cc
IF = 0x40b505b3
PC = 0x00000000000103d0
IF = 0x06078263
PC = 0x00000000000103d4
IF = 0xff954783
PC = 0x00000000000103d8
IF = 0x04078a63
PC = 0x00000000000103dc
IF = 0xffa54783
PC = 0x00000000000103e0
IF = 0x06078263
PC = 0x00000000000103e4
IF = 0xffb54783
PC = 0x00000000000103e8
IF = 0x04078a63
PC = 0x00000000000103ec
IF = 0xffc54783
PC = 0x00000000000103f0
IF = 0xffd54703
PC = 0x00000000000103f4
IF = 0xffe54683
PC = 0x00000000000103f8
IF = 0x04078a63
PC = 0x000000000001044c
IF = 0xffc58513
PC = 0x0000000000010450
IF = 0x00008067
PC = 0x00000000000102f8
IF = 0x01043583
PC = 0x00000000000102fc
IF = 0x00013737
PC = 0x0000000000010300
IF = 0x20870713
PC = 0x0000000000010304
IF = 0x01059683
PC = 0x0000000000010308
IF = 0x02e13823
PC = 0x000000000001030c
IF = 0x00100713
PC = 0x0000000000010310
IF = 0x02e13c23
PC = 0x0000000000010314
IF = 0x02010713
PC = 0x0000000000010318
IF = 0x00150613
PC = 0x000000000001031c
IF = 0x00e13423
PC = 0x0000000000010320
IF = 0x00200713
PC = 0x0000000000010324
IF = 0x02913023
PC = 0x0000000000010328
IF = 0x02a13423
PC = 0x000000000001032c
IF = 0x00c13c23
PC = 0x0000000000010330
IF = 0x00e12823
PC = 0x0000000000010334
IF = 0x03269793
PC = 0x0000000000010338
IF = 0x0207c263
PC = 0x000000000001033c
IF = 0x0ac5a783
PC = 0x0000000000010340
IF = 0xffffe737
PC = 0x0000000000010344
IF = 0x00002637
PC = 0x0000000000010348
IF = 0xfff7071b
PC = 0x000000000001034c
IF = 0x00c6e6b3
PC = 0x0000000000010350
IF = 0x00e7f733
PC = 0x0000000000010354
IF = 0x00d59823
PC = 0x0000000000010358
IF = 0x0ae5a623
PC = 0x000000000001035c
IF = 0x00810613
PC = 0x0000000000010360
IF = 0x00040513
PC = 0x0000000000010364
IF = 0x3a8000ef
PC = 0x000000000001070c
IF = 0x01063783
PC = 0x0000000000010710
IF = 0x26078a63
PC = 0x0000000000010714
IF = 0x0105d703
PC = 0x0000000000010718
IF = 0xf9010113
PC = 0x000000000001071c
IF = 0x06813023
PC = 0x0000000000010720
IF = 0x03513c23
PC = 0x0000000000010724
IF = 0x03613823
PC = 0x0000000000010728
IF = 0x06113423
PC = 0x000000000001072c
IF = 0x04913c23
PC = 0x0000000000010730
IF = 0x05213823
PC = 0x0000000000010734
IF = 0x05313423
PC = 0x0000000000010738
IF = 0x05413023
PC = 0x000000000001073c
IF = 0x03713423
PC = 0x0000000000010740
IF = 0x03813023
PC = 0x0000000000010744
IF = 0x01913c23
PC = 0x0000000000010748
IF = 0x01a13823
PC = 0x000000000001074c
IF = 0x01b13423
PC = 0x0000000000010750
IF = 0x00877793
PC = 0x0000000000010754
IF = 0x00058413
PC = 0x0000000000010758
IF = 0x00050b13
PC = 0x000000000001075c
IF = 0x00060a93
PC = 0x0000000000010760
IF = 0x0a078863
PC = 0x0000000000010810
IF = 0x00040593
PC = 0x0000000000010814
IF = 0x000b0513
PC = 0x0000000000010818
IF = 0x3c4010ef
PC = 0x0000000000011bdc
IF = 0x8101b783
PC = 0x0000000000011be0
IF = 0xfe010113
PC = 0x0000000000011be4
IF = 0x00813823
PC = 0x0000000000011be8
IF = 0x00913423
PC = 0x0000000000011bec
IF = 0x00113c23
PC = 0x0000000000011bf0
IF = 0x00050493
PC = 0x0000000000011bf4
IF = 0x00058413
PC = 0x0000000000011bf8
IF = 0x00078663
PC = 0x0000000000011bfc
IF = 0x0507a703
PC = 0x0000000000011c00
IF = 0x0e070063
PC = 0x0000000000011ce0
IF = 0x00078513
PC = 0x0000000000011ce4
IF = 0x674000ef
PC = 0x0000000000012358
IF = 0x05052783
PC = 0x000000000001235c
IF = 0x00078463
PC = 0x0000000000012364
IF = 0xcd9ff06f
PC = 0x000000000001203c
IF = 0xfc010113
PC = 0x0000000000012040
IF = 0x000127b7
PC = 0x0000000000012044
IF = 0x02113c23
PC = 0x0000000000012048
IF = 0x02813823
PC = 0x000000000001204c
IF = 0x02913423
PC = 0x0000000000012050
IF = 0x00853403
PC = 0x0000000000012054
IF = 0x03213023
PC = 0x0000000000012058
IF = 0x01313c23
PC = 0x000000000001205c
IF = 0x01413823
PC = 0x0000000000012060
IF = 0x01513423
PC = 0x0000000000012064
IF = 0x01613023
PC = 0x0000000000012068
IF = 0x03078793
PC = 0x000000000001206c
IF = 0x04f53c23
PC = 0x0000000000012070
IF = 0x53850713
PC = 0x0000000000012074
IF = 0x00300793
PC = 0x0000000000012078
IF = 0x52e53823
PC = 0x000000000001207c
IF = 0x52f52423
PC = 0x0000000000012080
IF = 0x52053023
PC = 0x0000000000012084
IF = 0x00400793
PC = 0x0000000000012088
IF = 0x00050913
PC = 0x000000000001208c
IF = 0x00f41823
PC = 0x0000000000012090
IF = 0x00800613
PC = 0x0000000000012094
IF = 0x00000593
PC = 0x0000000000012098
IF = 0x00043023
PC = 0x000000000001209c
IF = 0x00042423
PC = 0x00000000000120a0
IF = 0x00042623
PC = 0x00000000000120a4
IF = 0x0a042623
PC = 0x00000000000120a8
IF = 0x00041923
PC = 0x00000000000120ac
IF = 0x00043c23
PC = 0x00000000000120b0
IF = 0x02042023
PC = 0x00000000000120b4
IF = 0x02042423
PC = 0x00000000000120b8
IF = 0x0a440513
PC = 0x00000000000120bc
IF = 0x221000ef
PC = 0x0000000000012adc
IF = 0x00f00813
PC = 0x0000000000012ae0
IF = 0x00050713
PC = 0x0000000000012ae4
IF = 0x02c87a63
PC = 0x0000000000012b18
IF = 0x40c806b3
PC = 0x0000000000012b1c
IF = 0x00269693
PC = 0x0000000000012b20
IF = 0x00000297
PC = 0x0000000000012b24
IF = 0x005686b3
PC = 0x0000000000012b28
IF = 0x00c68067
PC = 0x0000000000012b48
IF = 0x00b703a3
PC = 0x0000000000012b4c
IF = 0x00b70323
PC = 0x0000000000012b50
IF = 0x00b702a3
PC = 0x0000000000012b54
IF = 0x00b70223
PC = 0x0000000000012b58
IF = 0x00b701a3
PC = 0x0000000000012b5c
IF = 0x00b70123
PC = 0x0000000000012b60
IF = 0x00b700a3
PC = 0x0000000000012b64
IF = 0x00b70023
PC = 0x0000000000012b68
IF = 0x00008067
PC = 0x00000000000120c0
IF = 0x00013b37
PC = 0x00000000000120c4
IF = 0x01093483
PC = 0x00000000000120c8
IF = 0x00013ab7
PC = 0x00000000000120cc
IF = 0x00013a37
PC = 0x00000000000120d0
IF = 0x000139b7
PC = 0x00000000000120d4
IF = 0xbb8b0b13
PC = 0x00000000000120d8
IF = 0xc24a8a93
PC = 0x00000000000120dc
IF = 0xc94a0a13
PC = 0x00000000000120e0
IF = 0xd0098993
PC = 0x00000000000120e4
IF = 0x03643c23
PC = 0x00000000000120e8
IF = 0x05543023
PC = 0x00000000000120ec
IF = 0x05443423
PC = 0x00000000000120f0
IF = 0x05343823
PC = 0x00000000000120f4
IF = 0x02843823
PC = 0x00000000000120f8
IF = 0x00900793
PC = 0x00000000000120fc
IF = 0x00f49823
PC = 0x0000000000012100
IF = 0x00100793
PC = 0x0000000000012104
IF = 0x00f49923
PC = 0x0000000000012108
IF = 0x00800613
PC = 0x000000000001210c
IF = 0x00000593
PC = 0x0000000000012110
IF = 0x0004b023
PC = 0x0000000000012114
IF = 0x0004a423
PC = 0x0000000000012118
IF = 0x0004a623
PC = 0x000000000001211c
IF = 0x0a04a623
PC = 0x0000000000012120
IF = 0x0004bc23
PC = 0x0000000000012124
IF = 0x0204a023
PC = 0x0000000000012128
IF = 0x0204a423
PC = 0x000000000001212c
IF = 0x0a448513
PC = 0x0000000000012130
IF = 0x1ad000ef
PC = 0x0000000000012adc
IF = 0x00f00813
PC = 0x0000000000012ae0
IF = 0x00050713
PC = 0x0000000000012ae4
IF = 0x02c87a63
PC = 0x0000000000012b18
IF = 0x40c806b3
PC = 0x0000000000012b1c
IF = 0x00269693
PC = 0x0000000000012b20
IF = 0x00000297
PC = 0x0000000000012b24
IF = 0x005686b3
PC = 0x0000000000012b28
IF = 0x00c68067
PC = 0x0000000000012b48
IF = 0x00b703a3
PC = 0x0000000000012b4c
IF = 0x00b70323
PC = 0x0000000000012b50
IF = 0x00b702a3
PC = 0x0000000000012b54
IF = 0x00b70223
PC = 0x0000000000012b58
IF = 0x00b701a3
PC = 0x0000000000012b5c
IF = 0x00b70123
PC = 0x0000000000012b60
IF = 0x00b700a3
PC = 0x0000000000012b64
IF = 0x00b70023
PC = 0x0000000000012b68
IF = 0x00008067
PC = 0x0000000000012134
IF = 0x01893403
PC = 0x0000000000012138
IF = 0x01200793
PC = 0x000000000001213c
IF = 0x0364bc23
PC = 0x0000000000012140
IF = 0x0554b023
PC = 0x0000000000012144
IF = 0x0544b423
PC = 0x0000000000012148
IF = 0x0534b823
PC = 0x000000000001214c
IF = 0x0294b823
PC = 0x0000000000012150
IF = 0x00f41823
PC = 0x0000000000012154
IF = 0x00200793
PC = 0x0000000000012158
IF = 0x00f41923
PC = 0x000000000001215c
IF = 0x00043023
PC = 0x0000000000012160
IF = 0x00042423
PC = 0x0000000000012164
IF = 0x00042623
PC = 0x0000000000012168
IF = 0x0a042623
PC = 0x000000000001216c
IF = 0x00043c23
PC = 0x0000000000012170
IF = 0x02042023
PC = 0x0000000000012174
IF = 0x02042423
PC = 0x0000000000012178
IF = 0x0a440513
PC = 0x000000000001217c
IF = 0x00800613
PC = 0x0000000000012180
IF = 0x00000593
PC = 0x0000000000012184
IF = 0x159000ef
PC = 0x0000000000012adc
IF = 0x00f00813
PC = 0x0000000000012ae0
IF = 0x00050713
PC = 0x0000000000012ae4
IF = 0x02c87a63
PC = 0x0000000000012b18
IF = 0x40c806b3
PC = 0x0000000000012b1c
IF = 0x00269693
PC = 0x0000000000012b20
IF = 0x00000297
PC = 0x0000000000012b24
IF = 0x005686b3
PC = 0x0000000000012b28
IF = 0x00c68067
PC = 0x0000000000012b48
IF = 0x00b703a3
PC = 0x0000000000012b4c
IF = 0x00b70323
PC = 0x0000000000012b50
IF = 0x00b702a3
PC = 0x0000000000012b54
IF = 0x00b70223
PC = 0x0000000000012b58
IF = 0x00b701a3
PC = 0x0000000000012b5c
IF = 0x00b70123
PC = 0x0000000000012b60
IF = 0x00b700a3
PC = 0x0000000000012b64
IF = 0x00b70023
PC = 0x0000000000012b68
IF = 0x00008067
PC = 0x0000000000012188
IF = 0x03813083
PC = 0x000000000001218c
IF = 0x03643c23
PC = 0x0000000000012190
IF = 0x05543023
PC = 0x0000000000012194
IF = 0x05443423
PC = 0x0000000000012198
IF = 0x05343823
PC = 0x000000000001219c
IF = 0x02843823
PC = 0x00000000000121a0
IF = 0x00100793
PC = 0x00000000000121a4
IF = 0x04f92823
PC = 0x00000000000121a8
IF = 0x03013403
PC = 0x00000000000121ac
IF = 0x02813483
PC = 0x00000000000121b0
IF = 0x02013903
PC = 0x00000000000121b4
IF = 0x01813983
PC = 0x00000000000121b8
IF = 0x01013a03
PC = 0x00000000000121bc
IF = 0x00813a83
PC = 0x00000000000121c0
IF = 0x00013b03
PC = 0x00000000000121c4
IF = 0x04010113
PC = 0x00000000000121c8
IF = 0x00008067
PC = 0x0000000000011ce8
IF = 0xf1dff06f
PC = 0x0000000000011c04
IF = 0x01041703
PC = 0x0000000000011c08
IF = 0x03071793
PC = 0x0000000000011c0c
IF = 0x0307d793
PC = 0x0000000000011c10
IF = 0x0087f693
PC = 0x0000000000011c14
IF = 0x04068263
PC = 0x0000000000011c58
IF = 0x0107f693
PC = 0x0000000000011c5c
IF = 0x0c068663
PC = 0x0000000000011d28
IF = 0x00900793
PC = 0x0000000000011d2c
IF = 0x00f4a023
PC = 0x0000000000011d30
IF = 0x04076713
PC = 0x0000000000011d34
IF = 0x00e41823
PC = 0x0000000000011d38
IF = 0xfff00513
PC = 0x0000000000011d3c
IF = 0xf09ff06f
PC = 0x0000000000011c44
IF = 0x01813083
PC = 0x0000000000011c48
IF = 0x01013403
PC = 0x0000000000011c4c
IF = 0x00813483
PC = 0x0000000000011c50
IF = 0x02010113
PC = 0x0000000000011c54
IF = 0x00008067
PC = 0x000000000001081c
IF = 0xfff00793
PC = 0x0000000000010820
IF = 0xfa0518e3
PC = 0x00000000000107d0
IF = 0x06813083
PC = 0x00000000000107d4
IF = 0x00078513
PC = 0x00000000000107d8
IF = 0x06013403
PC = 0x00000000000107dc
IF = 0x05813483
PC = 0x00000000000107e0
IF = 0x05013903
PC = 0x00000000000107e4
IF = 0x04813983
PC = 0x00000000000107e8
IF = 0x04013a03
PC = 0x00000000000107ec
IF = 0x03813a83
PC = 0x00000000000107f0
IF = 0x03013b03
PC = 0x00000000000107f4
IF = 0x02813b83
PC = 0x00000000000107f8
IF = 0x02013c03
PC = 0x00000000000107fc
IF = 0x01813c83
PC = 0x0000000000010800
IF = 0x01013d03
PC = 0x0000000000010804
IF = 0x00813d83
PC = 0x0000000000010808
IF = 0x07010113
PC = 0x000000000001080c
IF = 0x00008067
PC = 0x0000000000010368
IF = 0x05813083
PC = 0x000000000001036c
IF = 0x00a03533
PC = 0x0000000000010370
IF = 0x40a0053b
PC = 0x0000000000010374
IF = 0x00a56513
PC = 0x0000000000010378
IF = 0x05013403
PC = 0x000000000001037c
IF = 0x04813483
PC = 0x0000000000010380
IF = 0x06010113
PC = 0x0000000000010384
IF = 0x00008067
PC = 0x0000000000010180
IF = 0x00000793
PC = 0x0000000000010184
IF = 0x00078513
PC = 0x0000000000010188
IF = 0x00813083
PC = 0x000000000001018c
IF = 0x00013403
PC = 0x0000000000010190
IF = 0x01010113
PC = 0x0000000000010194
IF = 0x00008067
PC = 0x0000000000010044
IF = 0x1680006f
PC = 0x00000000000101ac
IF = 0xff010113
PC = 0x00000000000101b0
IF = 0x00000593
PC = 0x00000000000101b4
IF = 0x00813023
PC = 0x00000000000101b8
IF = 0x00113423
PC = 0x00000000000101bc
IF = 0x00050413
PC = 0x00000000000101c0
IF = 0x3b8000ef
PC = 0x0000000000010578
IF = 0xfa010113
PC = 0x000000000001057c
IF = 0x03413823
PC = 0x0000000000010580
IF = 0x8081ba03
PC = 0x0000000000010584
IF = 0x03313c23
PC = 0x0000000000010588
IF = 0x000009b7
PC = 0x000000000001058c
IF = 0x04913423
PC = 0x0000000000010590
IF = 0x05213023
PC = 0x0000000000010594
IF = 0x03513423
PC = 0x0000000000010598
IF = 0x01713c23
PC = 0x000000000001059c
IF = 0x01813823
PC = 0x00000000000105a0
IF = 0x04113c23
PC = 0x00000000000105a4
IF = 0x04813823
PC = 0x00000000000105a8
IF = 0x03613023
PC = 0x00000000000105ac
IF = 0x01913423
PC = 0x00000000000105b0
IF = 0x01a13023
PC = 0x00000000000105b4
IF = 0x00050913
PC = 0x00000000000105b8
IF = 0x00058b93
PC = 0x00000000000105bc
IF = 0x1f8a0a93
PC = 0x00000000000105c0
IF = 0x00100493
PC = 0x00000000000105c4
IF = 0xfff00c13
PC = 0x00000000000105c8
IF = 0x00098993
PC = 0x00000000000105cc
IF = 0x1f8a3b03
PC = 0x00000000000105d0
IF = 0x0c0b0663
PC = 0x00000000000105d4
IF = 0x000a8d13
PC = 0x00000000000105d8
IF = 0x008b2403
PC = 0x00000000000105dc
IF = 0xfff4041b
PC = 0x00000000000105e0
IF = 0x02045263
PC = 0x0000000000010604
IF = 0x00040713
PC = 0x0000000000010608
IF = 0xfe0b90e3
PC = 0x000000000001060c
IF = 0x008b2783
PC = 0x0000000000010610
IF = 0x00371713
PC = 0x0000000000010614
IF = 0x00eb0733
PC = 0x0000000000010618
IF = 0xfff7879b
PC = 0x000000000001061c
IF = 0x01073683
PC = 0x0000000000010620
IF = 0x0a878e63
PC = 0x00000000000106dc
IF = 0x008b2423
PC = 0x00000000000106e0
IF = 0xf49ff06f
PC = 0x0000000000010628
IF = 0xfc068ae3
PC = 0x000000000001062c
IF = 0x310b2783
PC = 0x0000000000010630
IF = 0x0084963b
PC = 0x0000000000010634
IF = 0x008b2c83
PC = 0x0000000000010638
IF = 0x00f677b3
PC = 0x000000000001063c
IF = 0x08078c63
PC = 0x00000000000106d4
IF = 0x000680e7
PC = 0x00000000000101dc
IF = 0xfe010113
PC = 0x00000000000101e0
IF = 0x00813823
PC = 0x00000000000101e4
IF = 0x00913423
PC = 0x00000000000101e8
IF = 0x00013437
PC = 0x00000000000101ec
IF = 0x000134b7
PC = 0x00000000000101f0
IF = 0x21848493
PC = 0x00000000000101f4
IF = 0x22040413
PC = 0x00000000000101f8
IF = 0x40940433
PC = 0x00000000000101fc
IF = 0xff840793
PC = 0x0000000000010200
IF = 0x00113c23
PC = 0x0000000000010204
IF = 0x40345413
PC = 0x0000000000010208
IF = 0x009784b3
PC = 0x000000000001020c
IF = 0x00040c63
PC = 0x0000000000010210
IF = 0x0004b783
PC = 0x0000000000010214
IF = 0xfff40413
PC = 0x0000000000010218
IF = 0xff848493
PC = 0x000000000001021c
IF = 0x000780e7
PC = 0x00000000000100c0
IF = 0xff010113
PC = 0x00000000000100c4
IF = 0x00813023
PC = 0x00000000000100c8
IF = 0x8601c783
PC = 0x00000000000100cc
IF = 0x00113423
PC = 0x00000000000100d0
IF = 0x02079663
PC = 0x00000000000100d4
IF = 0xf79ff0ef
PC = 0x000000000001004c
IF = 0x00015537
PC = 0x0000000000010050
IF = 0x000157b7
PC = 0x0000000000010054
IF = 0xb2850713
PC = 0x0000000000010058
IF = 0xb2f78793
PC = 0x000000000001005c
IF = 0x40e787b3
PC = 0x0000000000010060
IF = 0x00e00713
PC = 0x0000000000010064
IF = 0x00f77c63
PC = 0x000000000001007c
IF = 0x00008067
PC = 0x00000000000100d8
IF = 0x000007b7
PC = 0x00000000000100dc
IF = 0x00078793
PC = 0x00000000000100e0
IF = 0x00078a63
PC = 0x00000000000100f4
IF = 0x00100793
PC = 0x00000000000100f8
IF = 0x86f18023
PC = 0x00000000000100fc
IF = 0x00813083
PC = 0x0000000000010100
IF = 0x00013403
PC = 0x0000000000010104
IF = 0x01010113
PC = 0x0000000000010108
IF = 0x00008067
PC = 0x0000000000010220
IF = 0xfe0418e3
PC = 0x0000000000010224
IF = 0x01813083
PC = 0x0000000000010228
IF = 0x01013403
PC = 0x000000000001022c
IF = 0x00813483
PC = 0x0000000000010230
IF = 0x02010113
PC = 0x0000000000010234
IF = 0xe15ff06f
PC = 0x0000000000010048
IF = 0x00008067
PC = 0x00000000000106d8
IF = 0xf81ff06f
PC = 0x0000000000010658
IF = 0x008b2783
PC = 0x000000000001065c
IF = 0xf79798e3
PC = 0x0000000000010660
IF = 0x000d3783
PC = 0x0000000000010664
IF = 0xf76794e3
PC = 0x0000000000010668
IF = 0xfff4041b
PC = 0x000000000001066c
IF = 0xf9841ce3
PC = 0x0000000000010670
IF = 0x02098663
PC = 0x000000000001069c
IF = 0x05813083
PC = 0x00000000000106a0
IF = 0x05013403
PC = 0x00000000000106a4
IF = 0x04813483
PC = 0x00000000000106a8
IF = 0x04013903
PC = 0x00000000000106ac
IF = 0x03813983
PC = 0x00000000000106b0
IF = 0x03013a03
PC = 0x00000000000106b4
IF = 0x02813a83
PC = 0x00000000000106b8
IF = 0x02013b03
PC = 0x00000000000106bc
IF = 0x01813b83
PC = 0x00000000000106c0
IF = 0x01013c03
PC = 0x00000000000106c4
IF = 0x00813c83
PC = 0x00000000000106c8
IF = 0x00013d03
PC = 0x00000000000106cc
IF = 0x06010113
PC = 0x00000000000106d0
IF = 0x00008067
PC = 0x00000000000101c4
IF = 0x8081b503
PC = 0x00000000000101c8
IF = 0x05853783
PC = 0x00000000000101cc
IF = 0x00078463
PC = 0x00000000000101d0
IF = 0x000780e7
PC = 0x0000000000012030
IF = 0x000135b7
PC = 0x0000000000012034
IF = 0xd0858593
PC = 0x0000000000012038
IF = 0x0390006f
PC = 0x0000000000012870
IF = 0xfb010113
PC = 0x0000000000012874
IF = 0x01613823
PC = 0x0000000000012878
IF = 0x04113423
PC = 0x000000000001287c
IF = 0x04813023
PC = 0x0000000000012880
IF = 0x02913c23
PC = 0x0000000000012884
IF = 0x03213823
PC = 0x0000000000012888
IF = 0x03313423
PC = 0x000000000001288c
IF = 0x03413023
PC = 0x0000000000012890
IF = 0x01513c23
PC = 0x0000000000012894
IF = 0x01713423
PC = 0x0000000000012898
IF = 0x52050b13
PC = 0x000000000001289c
IF = 0x080b0663
PC = 0x00000000000128a0
IF = 0x00058b93
PC = 0x00000000000128a4
IF = 0x00050a93
PC = 0x00000000000128a8
IF = 0x00000a13
PC = 0x00000000000128ac
IF = 0x00100993
PC = 0x00000000000128b0
IF = 0xfff00913
PC = 0x00000000000128b4
IF = 0x008b2483
PC = 0x00000000000128b8
IF = 0x010b3403
PC = 0x00000000000128bc
IF = 0xfff4849b
PC = 0x00000000000128c0
IF = 0x0204c863
PC = 0x00000000000128c4
IF = 0x01045783
PC = 0x00000000000128c8
IF = 0xfff4849b
PC = 0x00000000000128cc
IF = 0x00f9fe63
PC = 0x00000000000128d0
IF = 0x01241783
PC = 0x00000000000128d4
IF = 0x00040593
PC = 0x00000000000128d8
IF = 0x000a8513
PC = 0x00000000000128dc
IF = 0x01278663
PC = 0x00000000000128e0
IF = 0x000b80e7
PC = 0x0000000000012d08
IF = 0x0e058e63
PC = 0x0000000000012d0c
IF = 0xfe010113
PC = 0x0000000000012d10
IF = 0x00813823
PC = 0x0000000000012d14
IF = 0x00913423
PC = 0x0000000000012d18
IF = 0x00113c23
PC = 0x0000000000012d1c
IF = 0x01213023
PC = 0x0000000000012d20
IF = 0x00050493
PC = 0x0000000000012d24
IF = 0x00058413
PC = 0x0000000000012d28
IF = 0x00050663
PC = 0x0000000000012d2c
IF = 0x05052783
PC = 0x0000000000012d30
IF = 0x0a078a63
PC = 0x0000000000012d34
IF = 0x01041783
PC = 0x0000000000012d38
IF = 0x00000513
PC = 0x0000000000012d3c
IF = 0x00079e63
PC = 0x0000000000012d58
IF = 0x00040593
PC = 0x0000000000012d5c
IF = 0x00048513
PC = 0x0000000000012d60
IF = 0xfe1fe0ef
PC = 0x0000000000011d40
IF = 0x01059683
PC = 0x0000000000011d44
IF = 0xfd010113
PC = 0x0000000000011d48
IF = 0x00913c23
PC = 0x0000000000011d4c
IF = 0x03069713
PC = 0x0000000000011d50
IF = 0x03075713
PC = 0x0000000000011d54
IF = 0x01313423
PC = 0x0000000000011d58
IF = 0x02113423
PC = 0x0000000000011d5c
IF = 0x02813023
PC = 0x0000000000011d60
IF = 0x01213823
PC = 0x0000000000011d64
IF = 0x00877793
PC = 0x0000000000011d68
IF = 0x00058493
PC = 0x0000000000011d6c
IF = 0x00050993
PC = 0x0000000000011d70
IF = 0x0e079863
PC = 0x0000000000011d74
IF = 0x000017b7
PC = 0x0000000000011d78
IF = 0x8007879b
PC = 0x0000000000011d7c
IF = 0x00f6e7b3
PC = 0x0000000000011d80
IF = 0x0107979b
PC = 0x0000000000011d84
IF = 0x0085a703
PC = 0x0000000000011d88
IF = 0x4107d79b
PC = 0x0000000000011d8c
IF = 0x00f59823
PC = 0x0000000000011d90
IF = 0x1ae05863
PC = 0x0000000000011f40
IF = 0x0705a703
PC = 0x0000000000011f44
IF = 0xe4e048e3
PC = 0x0000000000011f48
IF = 0xef9ff06f
PC = 0x0000000000011e40
IF = 0x00000513
PC = 0x0000000000011e44
IF = 0x02813083
PC = 0x0000000000011e48
IF = 0x02013403
PC = 0x0000000000011e4c
IF = 0x01813483
PC = 0x0000000000011e50
IF = 0x01013903
PC = 0x0000000000011e54
IF = 0x00813983
PC = 0x0000000000011e58
IF = 0x03010113
PC = 0x0000000000011e5c
IF = 0x00008067
PC = 0x0000000000012d64
IF = 0x05043783
PC = 0x0000000000012d68
IF = 0x00050913
PC = 0x0000000000012d6c
IF = 0x00078a63
PC = 0x0000000000012d70
IF = 0x03043583
PC = 0x0000000000012d74
IF = 0x00048513
PC = 0x0000000000012d78
IF = 0x000780e7
PC = 0x0000000000012d00
IF = 0x01259503
PC = 0x0000000000012d04
IF = 0x2440006f
PC = 0x0000000000012f48
IF = 0x00000593
PC = 0x0000000000012f4c
IF = 0x00000613
PC = 0x0000000000012f50
IF = 0x00000693
PC = 0x0000000000012f54
IF = 0x03900893
PC = 0x0000000000012f58
IF = 0x00000073
SYSTEM CALL: 57
PC = 0x0000000000012f5c
IF = 0xea054ee3
PC = 0x0000000000012f60
IF = 0x0005051b
PC = 0x0000000000012f64
IF = 0x00008067
PC = 0x0000000000012d7c
IF = 0x06054863
PC = 0x0000000000012d80
IF = 0x01045783
PC = 0x0000000000012d84
IF = 0x0807f793
PC = 0x0000000000012d88
IF = 0x06079663
PC = 0x0000000000012d8c
IF = 0x05843583
PC = 0x0000000000012d90
IF = 0x00058c63
PC = 0x0000000000012da8
IF = 0x07843583
PC = 0x0000000000012dac
IF = 0x00058863
PC = 0x0000000000012dbc
IF = 0xdacff0ef
PC = 0x0000000000012368
IF = 0x00008067
PC = 0x0000000000012dc0
IF = 0x00041823
PC = 0x0000000000012dc4
IF = 0xda8ff0ef
PC = 0x000000000001236c
IF = 0x00008067
PC = 0x0000000000012dc8
IF = 0x01813083
PC = 0x0000000000012dcc
IF = 0x00090513
PC = 0x0000000000012dd0
IF = 0x01013403
PC = 0x0000000000012dd4
IF = 0x00813483
PC = 0x0000000000012dd8
IF = 0x00013903
PC = 0x0000000000012ddc
IF = 0x02010113
PC = 0x0000000000012de0
IF = 0x00008067
PC = 0x00000000000128e4
IF = 0x00aa6a33
PC = 0x00000000000128e8
IF = 0x0b040413
PC = 0x00000000000128ec
IF = 0xfd249ce3
PC = 0x00000000000128c4
IF = 0x01045783
PC = 0x00000000000128c8
IF = 0xfff4849b
PC = 0x00000000000128cc
IF = 0x00f9fe63
PC = 0x00000000000128d0
IF = 0x01241783
PC = 0x00000000000128d4
IF = 0x00040593
PC = 0x00000000000128d8
IF = 0x000a8513
PC = 0x00000000000128dc
IF = 0x01278663
PC = 0x00000000000128e0
IF = 0x000b80e7
PC = 0x0000000000012d08
IF = 0x0e058e63
PC = 0x0000000000012d0c
IF = 0xfe010113
PC = 0x0000000000012d10
IF = 0x00813823
PC = 0x0000000000012d14
IF = 0x00913423
PC = 0x0000000000012d18
IF = 0x00113c23
PC = 0x0000000000012d1c
IF = 0x01213023
PC = 0x0000000000012d20
IF = 0x00050493
PC = 0x0000000000012d24
IF = 0x00058413
PC = 0x0000000000012d28
IF = 0x00050663
PC = 0x0000000000012d2c
IF = 0x05052783
PC = 0x0000000000012d30
IF = 0x0a078a63
PC = 0x0000000000012d34
IF = 0x01041783
PC = 0x0000000000012d38
IF = 0x00000513
PC = 0x0000000000012d3c
IF = 0x00079e63
PC = 0x0000000000012d58
IF = 0x00040593
PC = 0x0000000000012d5c
IF = 0x00048513
PC = 0x0000000000012d60
IF = 0xfe1fe0ef
PC = 0x0000000000011d40
IF = 0x01059683
PC = 0x0000000000011d44
IF = 0xfd010113
PC = 0x0000000000011d48
IF = 0x00913c23
PC = 0x0000000000011d4c
IF = 0x03069713
PC = 0x0000000000011d50
IF = 0x03075713
PC = 0x0000000000011d54
IF = 0x01313423
PC = 0x0000000000011d58
IF = 0x02113423
PC = 0x0000000000011d5c
IF = 0x02813023
PC = 0x0000000000011d60
IF = 0x01213823
PC = 0x0000000000011d64
IF = 0x00877793
PC = 0x0000000000011d68
IF = 0x00058493
PC = 0x0000000000011d6c
IF = 0x00050993
PC = 0x0000000000011d70
IF = 0x0e079863
PC = 0x0000000000011d74
IF = 0x000017b7
PC = 0x0000000000011d78
IF = 0x8007879b
PC = 0x0000000000011d7c
IF = 0x00f6e7b3
PC = 0x0000000000011d80
IF = 0x0107979b
PC = 0x0000000000011d84
IF = 0x0085a703
PC = 0x0000000000011d88
IF = 0x4107d79b
PC = 0x0000000000011d8c
IF = 0x00f59823
PC = 0x0000000000011d90
IF = 0x1ae05863
PC = 0x0000000000011f40
IF = 0x0705a703
PC = 0x0000000000011f44
IF = 0xe4e048e3
PC = 0x0000000000011f48
IF = 0xef9ff06f
PC = 0x0000000000011e40
IF = 0x00000513
PC = 0x0000000000011e44
IF = 0x02813083
PC = 0x0000000000011e48
IF = 0x02013403
PC = 0x0000000000011e4c
IF = 0x01813483
PC = 0x0000000000011e50
IF = 0x01013903
PC = 0x0000000000011e54
IF = 0x00813983
PC = 0x0000000000011e58
IF = 0x03010113
PC = 0x0000000000011e5c
IF = 0x00008067
PC = 0x0000000000012d64
IF = 0x05043783
PC = 0x0000000000012d68
IF = 0x00050913
PC = 0x0000000000012d6c
IF = 0x00078a63
PC = 0x0000000000012d70
IF = 0x03043583
PC = 0x0000000000012d74
IF = 0